<?xml version="1.0" encoding="UTF-8"?>
<TestRun id="9b2b86fa-6264-43f5-8155-f220fcdf5ff1" name="@achims-mbp 2017-03-15 14:37:51" xmlns="http://microsoft.com/schemas/VisualStudio/TeamTest/2010">
  <Times creation="2017-03-15T14:37:51.1003400+01:00" queuing="2017-03-15T14:37:51.1003690+01:00" start="2017-03-15T14:37:48.9746360+01:00" finish="2017-03-15T14:37:56.6260810+01:00" />
  <TestSettings name="default" id="0927bab8-998b-49bc-99c5-44a19c0f875e">
    <Deployment runDeploymentRoot="_achims-mbp 2017-03-15 14:37:51" />
  </TestSettings>
  <Results>
    <UnitTestResult executionId="84aad3a6-7f40-4455-b297-68129a5f9488" testId="600455e9-18c4-4477-963d-2c438c31381c" testName="Xavo.Masterdata.Tests.Messaging.MasterDataEventTests.ContextIsSetOnConstruction" computerName="achims-mbp" duration="00:00:00.0090000" startTime="2017-03-15T14:37:51.1063030+01:00" endTime="2017-03-15T14:37:51.1062750+01:00" testType="13cdc9d9-ddb5-4fa4-a97d-d965ccfc6d4b" outcome="Passed" testListId="8c84fa94-04c1-424b-9868-57a2d4851a1d" relativeResultsDirectory="84aad3a6-7f40-4455-b297-68129a5f9488" />
    <UnitTestResult executionId="27e27864-f6ae-45a5-acad-6e65b1de870d" testId="7724cdf7-6999-4591-b723-2331ca7eefb8" testName="Xavo.Masterdata.Tests.Messaging.EventTests.MessageIdIsSetOnConstruction" computerName="achims-mbp" duration="00:00:00.0090000" startTime="2017-03-15T14:37:51.1081220+01:00" endTime="2017-03-15T14:37:51.1081100+01:00" testType="13cdc9d9-ddb5-4fa4-a97d-d965ccfc6d4b" outcome="Passed" testListId="8c84fa94-04c1-424b-9868-57a2d4851a1d" relativeResultsDirectory="27e27864-f6ae-45a5-acad-6e65b1de870d" />
    <UnitTestResult executionId="266a85d2-ec47-4eb0-ab99-fdc500572dec" testId="c41d0679-97d0-494d-aabc-9b7d66be3783" testName="Xavo.Masterdata.Tests.Api.MaterialDefinitionApiTests.GetMaterialDefinitionByUnknownName" computerName="achims-mbp" duration="00:00:00.8610000" startTime="2017-03-15T14:37:52.4158220+01:00" endTime="2017-03-15T14:37:52.4158100+01:00" testType="13cdc9d9-ddb5-4fa4-a97d-d965ccfc6d4b" outcome="Passed" testListId="8c84fa94-04c1-424b-9868-57a2d4851a1d" relativeResultsDirectory="266a85d2-ec47-4eb0-ab99-fdc500572dec" />
    <UnitTestResult executionId="6777aeb5-92b6-44f4-bc58-9cf06423489e" testId="b9c618cf-bbb2-412a-9592-18af9ad6110e" testName="Xavo.Masterdata.Tests.Api.MaterialDefinitionApiTests.CanAddNewMaterialDefinitionWithoutDescription" computerName="achims-mbp" duration="00:00:00.3690000" startTime="2017-03-15T14:37:52.4158810+01:00" endTime="2017-03-15T14:37:52.4158700+01:00" testType="13cdc9d9-ddb5-4fa4-a97d-d965ccfc6d4b" outcome="Passed" testListId="8c84fa94-04c1-424b-9868-57a2d4851a1d" relativeResultsDirectory="6777aeb5-92b6-44f4-bc58-9cf06423489e" />
    <UnitTestResult executionId="d48c2e77-920b-4367-b7be-dd3f52a7d352" testId="427054c2-bf24-409b-84e6-7b9f6fa74505" testName="Xavo.Masterdata.Tests.Api.MaterialDefinitionApiTests.UpdateMaterialDefinitionById" computerName="achims-mbp" duration="00:00:00.1680000" startTime="2017-03-15T14:37:52.4159230+01:00" endTime="2017-03-15T14:37:52.4159120+01:00" testType="13cdc9d9-ddb5-4fa4-a97d-d965ccfc6d4b" outcome="Passed" testListId="8c84fa94-04c1-424b-9868-57a2d4851a1d" relativeResultsDirectory="d48c2e77-920b-4367-b7be-dd3f52a7d352" />
    <UnitTestResult executionId="d18b49ca-b570-4f32-82b5-043394a687f4" testId="e1a76c59-4acb-4443-8c32-02c8dd72c1fc" testName="Xavo.Masterdata.Tests.Api.MaterialDefinitionApiTests.GetMaterialDefinitionByUnknownId" computerName="achims-mbp" duration="00:00:00.0680000" startTime="2017-03-15T14:37:52.4159700+01:00" endTime="2017-03-15T14:37:52.4159590+01:00" testType="13cdc9d9-ddb5-4fa4-a97d-d965ccfc6d4b" outcome="Passed" testListId="8c84fa94-04c1-424b-9868-57a2d4851a1d" relativeResultsDirectory="d18b49ca-b570-4f32-82b5-043394a687f4" />
    <UnitTestResult executionId="578b23fa-4875-473d-9bb9-05e2b1d0b63a" testId="59778622-31b2-40c3-bb0f-5e4811a6e52b" testName="Xavo.Masterdata.Tests.Api.MaterialDefinitionApiTests.AddNewMaterialDefinition" computerName="achims-mbp" duration="00:00:00.1010000" startTime="2017-03-15T14:37:52.4160090+01:00" endTime="2017-03-15T14:37:52.4159980+01:00" testType="13cdc9d9-ddb5-4fa4-a97d-d965ccfc6d4b" outcome="Passed" testListId="8c84fa94-04c1-424b-9868-57a2d4851a1d" relativeResultsDirectory="578b23fa-4875-473d-9bb9-05e2b1d0b63a" />
    <UnitTestResult executionId="5bd56ef1-a391-4059-98a5-86c0a0b18524" testId="82ff4f0b-bfb7-488e-ab7e-b6556f2d65e0" testName="Xavo.Masterdata.Tests.Api.MaterialDefinitionApiTests.InitiallyNoDefinitions" computerName="achims-mbp" duration="00:00:00.0730000" startTime="2017-03-15T14:37:52.4160530+01:00" endTime="2017-03-15T14:37:52.4160420+01:00" testType="13cdc9d9-ddb5-4fa4-a97d-d965ccfc6d4b" outcome="Passed" testListId="8c84fa94-04c1-424b-9868-57a2d4851a1d" relativeResultsDirectory="5bd56ef1-a391-4059-98a5-86c0a0b18524" />
    <UnitTestResult executionId="14d7c8ef-edf6-4c75-8310-9fa6176d22e4" testId="4693e7b6-5e6a-42f0-8f80-9554a9a2df67" testName="Xavo.Masterdata.Tests.Api.MaterialDefinitionApiTests.UpdateMaterialDefinitionByIdFailsIfNameInUse" computerName="achims-mbp" duration="00:00:00.0950000" startTime="2017-03-15T14:37:52.4160910+01:00" endTime="2017-03-15T14:37:52.4160800+01:00" testType="13cdc9d9-ddb5-4fa4-a97d-d965ccfc6d4b" outcome="Passed" testListId="8c84fa94-04c1-424b-9868-57a2d4851a1d" relativeResultsDirectory="14d7c8ef-edf6-4c75-8310-9fa6176d22e4" />
    <UnitTestResult executionId="91c6fead-7a1c-44c1-8ec2-925269b9a4ab" testId="7fa46d32-2b33-412d-98d0-05d50b54f491" testName="Xavo.Masterdata.Tests.Api.MaterialDefinitionApiTests.CannotUpdateArchivedMaterialDefinitionByName" computerName="achims-mbp" duration="00:00:00.0950000" startTime="2017-03-15T14:37:52.4161360+01:00" endTime="2017-03-15T14:37:52.4161250+01:00" testType="13cdc9d9-ddb5-4fa4-a97d-d965ccfc6d4b" outcome="Passed" testListId="8c84fa94-04c1-424b-9868-57a2d4851a1d" relativeResultsDirectory="91c6fead-7a1c-44c1-8ec2-925269b9a4ab" />
    <UnitTestResult executionId="f899dc19-d381-4952-b5d6-6ee2b445f5ce" testId="0a602257-0ac9-49f4-a367-637cce67f34a" testName="Xavo.Masterdata.Tests.Api.MaterialDefinitionApiTests.AddNewMaterialDefinitionForInvalidMaterialType" computerName="achims-mbp" duration="00:00:00.0720000" startTime="2017-03-15T14:37:52.4161740+01:00" endTime="2017-03-15T14:37:52.4161630+01:00" testType="13cdc9d9-ddb5-4fa4-a97d-d965ccfc6d4b" outcome="Passed" testListId="8c84fa94-04c1-424b-9868-57a2d4851a1d" relativeResultsDirectory="f899dc19-d381-4952-b5d6-6ee2b445f5ce" />
    <UnitTestResult executionId="eb19eaf0-6db3-41e5-8c91-51da13f7a999" testId="ffd8fb9f-7ef3-4a1f-a651-3919c5d378f3" testName="Xavo.Masterdata.Tests.Api.MaterialDefinitionApiTests.CannotUpdateArchivedMaterialDefinitionById" computerName="achims-mbp" duration="00:00:00.1000000" startTime="2017-03-15T14:37:53.3424280+01:00" endTime="2017-03-15T14:37:53.3424160+01:00" testType="13cdc9d9-ddb5-4fa4-a97d-d965ccfc6d4b" outcome="Passed" testListId="8c84fa94-04c1-424b-9868-57a2d4851a1d" relativeResultsDirectory="eb19eaf0-6db3-41e5-8c91-51da13f7a999" />
    <UnitTestResult executionId="7e071ec9-297c-4d0a-a064-dc5e2bcb9bbd" testId="21be671c-96cf-48e1-b616-144c73f4c28c" testName="Xavo.Masterdata.Tests.Api.MaterialDefinitionApiTests.CannotReuseArchivedMaterialDefinitionName" computerName="achims-mbp" duration="00:00:00.1470000" startTime="2017-03-15T14:37:53.3425260+01:00" endTime="2017-03-15T14:37:53.3425060+01:00" testType="13cdc9d9-ddb5-4fa4-a97d-d965ccfc6d4b" outcome="Passed" testListId="8c84fa94-04c1-424b-9868-57a2d4851a1d" relativeResultsDirectory="7e071ec9-297c-4d0a-a064-dc5e2bcb9bbd" />
    <UnitTestResult executionId="065916ef-70af-4f83-8df8-681be9f856b5" testId="84a16b67-0bda-4d40-8b0b-68571a94d632" testName="Xavo.Masterdata.Tests.Api.MaterialDefinitionApiTests.ArchiveMaterialDefinition" computerName="achims-mbp" duration="00:00:00.1040000" startTime="2017-03-15T14:37:53.3426040+01:00" endTime="2017-03-15T14:37:53.3425850+01:00" testType="13cdc9d9-ddb5-4fa4-a97d-d965ccfc6d4b" outcome="Passed" testListId="8c84fa94-04c1-424b-9868-57a2d4851a1d" relativeResultsDirectory="065916ef-70af-4f83-8df8-681be9f856b5" />
    <UnitTestResult executionId="86497ac3-dde2-4b00-9bfd-d83c349fb41d" testId="2f0e19c2-654e-45c9-bea9-c5fa13785445" testName="Xavo.Masterdata.Tests.Api.MaterialDefinitionApiTests.CannotAddNewMaterialDefinitionWithoutName" computerName="achims-mbp" duration="00:00:00.0770000" startTime="2017-03-15T14:37:53.3426820+01:00" endTime="2017-03-15T14:37:53.3426640+01:00" testType="13cdc9d9-ddb5-4fa4-a97d-d965ccfc6d4b" outcome="Passed" testListId="8c84fa94-04c1-424b-9868-57a2d4851a1d" relativeResultsDirectory="86497ac3-dde2-4b00-9bfd-d83c349fb41d" />
    <UnitTestResult executionId="0a234598-37d6-4254-8a37-910aea2b6976" testId="f9d6e276-8948-40fa-81d5-bd44adfd532b" testName="Xavo.Masterdata.Tests.Api.MaterialDefinitionApiTests.UpdatedMaterialTypeNameIsReflectedInMaterialDefinition" computerName="achims-mbp" duration="00:00:00.1280000" startTime="2017-03-15T14:37:53.3427530+01:00" endTime="2017-03-15T14:37:53.3427350+01:00" testType="13cdc9d9-ddb5-4fa4-a97d-d965ccfc6d4b" outcome="Passed" testListId="8c84fa94-04c1-424b-9868-57a2d4851a1d" relativeResultsDirectory="0a234598-37d6-4254-8a37-910aea2b6976" />
    <UnitTestResult executionId="4f30df68-1db2-42a4-825b-39c64ca14976" testId="f43c48ce-8cc5-4999-9a85-3c6d14ee5507" testName="Xavo.Masterdata.Tests.Api.MaterialDefinitionApiTests.UpdateMaterialDefinitionByNumber" computerName="achims-mbp" duration="00:00:00.0850000" startTime="2017-03-15T14:37:53.3428310+01:00" endTime="2017-03-15T14:37:53.3428090+01:00" testType="13cdc9d9-ddb5-4fa4-a97d-d965ccfc6d4b" outcome="Passed" testListId="8c84fa94-04c1-424b-9868-57a2d4851a1d" relativeResultsDirectory="4f30df68-1db2-42a4-825b-39c64ca14976" />
    <UnitTestResult executionId="1627801a-4b9f-43d6-9d75-c4ecb8d647ac" testId="9518f00b-9682-4205-9f53-868ac8bbe133" testName="Xavo.Masterdata.Tests.Api.MaterialTypeApiTests.ArchiveMaterialType" computerName="achims-mbp" duration="00:00:00.0950000" startTime="2017-03-15T14:37:53.3429000+01:00" endTime="2017-03-15T14:37:53.3428830+01:00" testType="13cdc9d9-ddb5-4fa4-a97d-d965ccfc6d4b" outcome="Passed" testListId="8c84fa94-04c1-424b-9868-57a2d4851a1d" relativeResultsDirectory="1627801a-4b9f-43d6-9d75-c4ecb8d647ac" />
    <UnitTestResult executionId="1442ffb0-0e19-4d35-a73a-66749a0db733" testId="20d5dc4a-f9b6-4016-979f-9d327d866cf1" testName="Xavo.Masterdata.Tests.Api.MaterialTypeApiTests.UpdateMaterialTypeByNumber" computerName="achims-mbp" duration="00:00:00.0830000" startTime="2017-03-15T14:37:53.3429770+01:00" endTime="2017-03-15T14:37:53.3429560+01:00" testType="13cdc9d9-ddb5-4fa4-a97d-d965ccfc6d4b" outcome="Passed" testListId="8c84fa94-04c1-424b-9868-57a2d4851a1d" relativeResultsDirectory="1442ffb0-0e19-4d35-a73a-66749a0db733" />
    <UnitTestResult executionId="7c289f0e-8b2b-4638-8faa-6765a5889a02" testId="a3efd369-21d6-46f5-a32e-ae82a7d8f964" testName="Xavo.Masterdata.Tests.Api.MaterialTypeApiTests.UpdateMaterialTypeByIdFailsIfNameInUse" computerName="achims-mbp" duration="00:00:00.0960000" startTime="2017-03-15T14:37:53.3430440+01:00" endTime="2017-03-15T14:37:53.3430260+01:00" testType="13cdc9d9-ddb5-4fa4-a97d-d965ccfc6d4b" outcome="Passed" testListId="8c84fa94-04c1-424b-9868-57a2d4851a1d" relativeResultsDirectory="7c289f0e-8b2b-4638-8faa-6765a5889a02" />
    <UnitTestResult executionId="78dddbc1-c31f-48fb-8f30-83fd25f52dd2" testId="3f9ecd88-69bd-42b8-877e-049a443f34bc" testName="Xavo.Masterdata.Tests.Api.MaterialTypeApiTests.CannotUpdateArchivedMaterialTypeById" computerName="achims-mbp" duration="00:00:00.0930000" startTime="2017-03-15T14:37:54.0869010+01:00" endTime="2017-03-15T14:37:54.0868890+01:00" testType="13cdc9d9-ddb5-4fa4-a97d-d965ccfc6d4b" outcome="Passed" testListId="8c84fa94-04c1-424b-9868-57a2d4851a1d" relativeResultsDirectory="78dddbc1-c31f-48fb-8f30-83fd25f52dd2" />
    <UnitTestResult executionId="0f26b064-07ca-4329-957d-f0c51c885424" testId="356e59a9-221d-419c-be98-e95504b6499b" testName="Xavo.Masterdata.Tests.Api.MaterialTypeApiTests.AddNewMaterialType" computerName="achims-mbp" duration="00:00:00.0930000" startTime="2017-03-15T14:37:54.0869570+01:00" endTime="2017-03-15T14:37:54.0869450+01:00" testType="13cdc9d9-ddb5-4fa4-a97d-d965ccfc6d4b" outcome="Passed" testListId="8c84fa94-04c1-424b-9868-57a2d4851a1d" relativeResultsDirectory="0f26b064-07ca-4329-957d-f0c51c885424" />
    <UnitTestResult executionId="ea944b6e-144f-4901-90fe-bd0fe66e3f54" testId="3a4b67f0-4329-4ee0-9a48-8743da87be25" testName="Xavo.Masterdata.Tests.Api.MaterialTypeApiTests.CanAddNewMaterialTypeWithoutDescription" computerName="achims-mbp" duration="00:00:00.0730000" startTime="2017-03-15T14:37:54.0870060+01:00" endTime="2017-03-15T14:37:54.0869950+01:00" testType="13cdc9d9-ddb5-4fa4-a97d-d965ccfc6d4b" outcome="Passed" testListId="8c84fa94-04c1-424b-9868-57a2d4851a1d" relativeResultsDirectory="ea944b6e-144f-4901-90fe-bd0fe66e3f54" />
    <UnitTestResult executionId="9bf8d809-6cea-4312-86c5-2e8bbbb79e67" testId="67efeedc-dfd6-486f-8920-87daf41d4ef2" testName="Xavo.Masterdata.Tests.Api.MaterialTypeApiTests.GetMaterialTypeByUnknownId" computerName="achims-mbp" duration="00:00:00.0680000" startTime="2017-03-15T14:37:54.0870480+01:00" endTime="2017-03-15T14:37:54.0870370+01:00" testType="13cdc9d9-ddb5-4fa4-a97d-d965ccfc6d4b" outcome="Passed" testListId="8c84fa94-04c1-424b-9868-57a2d4851a1d" relativeResultsDirectory="9bf8d809-6cea-4312-86c5-2e8bbbb79e67" />
    <UnitTestResult executionId="18dbbd10-7c11-4c95-8197-d90588282379" testId="aa4857bc-ae6a-48c6-bb7a-75b478383c5a" testName="Xavo.Masterdata.Tests.Api.MaterialTypeApiTests.InitiallyNoTypes" computerName="achims-mbp" duration="00:00:00.0710000" startTime="2017-03-15T14:37:54.0870940+01:00" endTime="2017-03-15T14:37:54.0870830+01:00" testType="13cdc9d9-ddb5-4fa4-a97d-d965ccfc6d4b" outcome="Passed" testListId="8c84fa94-04c1-424b-9868-57a2d4851a1d" relativeResultsDirectory="18dbbd10-7c11-4c95-8197-d90588282379" />
    <UnitTestResult executionId="947bbb08-5b8e-4bfd-a28d-bb11cdeae413" testId="2d1430eb-ed50-42c2-bc2c-7aaa2d28410d" testName="Xavo.Masterdata.Tests.Api.MaterialTypeApiTests.GetMaterialTypeByUnknownName" computerName="achims-mbp" duration="00:00:00.0730000" startTime="2017-03-15T14:37:54.0871350+01:00" endTime="2017-03-15T14:37:54.0871240+01:00" testType="13cdc9d9-ddb5-4fa4-a97d-d965ccfc6d4b" outcome="Passed" testListId="8c84fa94-04c1-424b-9868-57a2d4851a1d" relativeResultsDirectory="947bbb08-5b8e-4bfd-a28d-bb11cdeae413" />
    <UnitTestResult executionId="3e333835-9567-4e1c-ad60-8d29daaa4b22" testId="bdc868d8-1231-4aa9-8fc9-66ad4b0d0b1a" testName="Xavo.Masterdata.Tests.Api.MaterialTypeApiTests.CannotAddNewMaterialTypeWithoutName" computerName="achims-mbp" duration="00:00:00.0710000" startTime="2017-03-15T14:37:54.0871790+01:00" endTime="2017-03-15T14:37:54.0871680+01:00" testType="13cdc9d9-ddb5-4fa4-a97d-d965ccfc6d4b" outcome="Passed" testListId="8c84fa94-04c1-424b-9868-57a2d4851a1d" relativeResultsDirectory="3e333835-9567-4e1c-ad60-8d29daaa4b22" />
    <UnitTestResult executionId="12f50bec-1258-4941-b796-fb2df74e7c69" testId="50cf105e-bfc6-4f7f-88a7-4e7e530f9802" testName="Xavo.Masterdata.Tests.Api.MaterialTypeApiTests.CannotReuseArchivedMaterialTypeName" computerName="achims-mbp" duration="00:00:00.0990000" startTime="2017-03-15T14:37:54.0872190+01:00" endTime="2017-03-15T14:37:54.0872080+01:00" testType="13cdc9d9-ddb5-4fa4-a97d-d965ccfc6d4b" outcome="Passed" testListId="8c84fa94-04c1-424b-9868-57a2d4851a1d" relativeResultsDirectory="12f50bec-1258-4941-b796-fb2df74e7c69" />
    <UnitTestResult executionId="d028e8df-8d48-418c-b0c1-be9e5fdb4203" testId="135497cd-cc99-4242-81e5-f3d5923df1d5" testName="Xavo.Masterdata.Tests.Api.MaterialTypeApiTests.UpdateMaterialTypeById" computerName="achims-mbp" duration="00:00:00.1020000" startTime="2017-03-15T14:37:54.0872630+01:00" endTime="2017-03-15T14:37:54.0872520+01:00" testType="13cdc9d9-ddb5-4fa4-a97d-d965ccfc6d4b" outcome="Passed" testListId="8c84fa94-04c1-424b-9868-57a2d4851a1d" relativeResultsDirectory="d028e8df-8d48-418c-b0c1-be9e5fdb4203" />
    <UnitTestResult executionId="bb974363-7e2e-4193-9651-03a60737de81" testId="2af3617c-4d70-4a82-9a49-6380e9d30409" testName="Xavo.Masterdata.Tests.Api.MaterialTypeApiTests.CannotUpdateArchivedMaterialTypeByName" computerName="achims-mbp" duration="00:00:00.0870000" startTime="2017-03-15T14:37:54.9861120+01:00" endTime="2017-03-15T14:37:54.9861000+01:00" testType="13cdc9d9-ddb5-4fa4-a97d-d965ccfc6d4b" outcome="Passed" testListId="8c84fa94-04c1-424b-9868-57a2d4851a1d" relativeResultsDirectory="bb974363-7e2e-4193-9651-03a60737de81" />
    <UnitTestResult executionId="1097c781-d1f1-44f4-b79c-dca7a9365f47" testId="f9029c42-cc1f-47cf-a620-0bd368134c51" testName="Xavo.Masterdata.Tests.Api.ProductionOrderApiTests.UpdateProductionOrderByNumber" computerName="achims-mbp" duration="00:00:00.1040000" startTime="2017-03-15T14:37:54.9861810+01:00" endTime="2017-03-15T14:37:54.9861690+01:00" testType="13cdc9d9-ddb5-4fa4-a97d-d965ccfc6d4b" outcome="Passed" testListId="8c84fa94-04c1-424b-9868-57a2d4851a1d" relativeResultsDirectory="1097c781-d1f1-44f4-b79c-dca7a9365f47" />
    <UnitTestResult executionId="ba049997-d169-4938-9d9b-bc32599bb43d" testId="8c59c433-f85b-4316-8640-57ffcb6bd0bd" testName="Xavo.Masterdata.Tests.Api.ProductionOrderApiTests.AddNewProductionOrder" computerName="achims-mbp" duration="00:00:00.1680000" startTime="2017-03-15T14:37:54.9862270+01:00" endTime="2017-03-15T14:37:54.9862150+01:00" testType="13cdc9d9-ddb5-4fa4-a97d-d965ccfc6d4b" outcome="Passed" testListId="8c84fa94-04c1-424b-9868-57a2d4851a1d" relativeResultsDirectory="ba049997-d169-4938-9d9b-bc32599bb43d" />
    <UnitTestResult executionId="a9d6e6cb-8483-4ce8-ace0-c0c4e576d4fc" testId="5f0fb3a5-f533-49d9-a926-4ab2f9c8b594" testName="Xavo.Masterdata.Tests.Api.ProductionOrderApiTests.CanAddNewProductionOrderWithoutBody" computerName="achims-mbp" duration="00:00:00.0650000" startTime="2017-03-15T14:37:54.9862750+01:00" endTime="2017-03-15T14:37:54.9862640+01:00" testType="13cdc9d9-ddb5-4fa4-a97d-d965ccfc6d4b" outcome="Passed" testListId="8c84fa94-04c1-424b-9868-57a2d4851a1d" relativeResultsDirectory="a9d6e6cb-8483-4ce8-ace0-c0c4e576d4fc" />
    <UnitTestResult executionId="226c1d31-31b9-488b-bc44-65072749ee3c" testId="3899a20e-fd82-4c18-972f-45bb9581a043" testName="Xavo.Masterdata.Tests.Api.ProductionOrderApiTests.PartialUpdateProductionOrderByNumber" computerName="achims-mbp" duration="00:00:00.1220000" startTime="2017-03-15T14:37:54.9863230+01:00" endTime="2017-03-15T14:37:54.9863110+01:00" testType="13cdc9d9-ddb5-4fa4-a97d-d965ccfc6d4b" outcome="Passed" testListId="8c84fa94-04c1-424b-9868-57a2d4851a1d" relativeResultsDirectory="226c1d31-31b9-488b-bc44-65072749ee3c" />
    <UnitTestResult executionId="28f34ebf-3d9c-4d99-b232-88792f0e20cb" testId="0c9e7259-1f1e-49d7-a336-b15d00a10f39" testName="Xavo.Masterdata.Tests.Api.ProductionOrderApiTests.AddNewProductionOrderForInvalidMaterial" computerName="achims-mbp" duration="00:00:00.0700000" startTime="2017-03-15T14:37:54.9863660+01:00" endTime="2017-03-15T14:37:54.9863540+01:00" testType="13cdc9d9-ddb5-4fa4-a97d-d965ccfc6d4b" outcome="Passed" testListId="8c84fa94-04c1-424b-9868-57a2d4851a1d" relativeResultsDirectory="28f34ebf-3d9c-4d99-b232-88792f0e20cb" />
    <UnitTestResult executionId="175c3f36-214f-4754-8b09-b3646d143f92" testId="18ed13f6-d5ed-4ccb-900a-66c803542b5c" testName="Xavo.Masterdata.Tests.Api.ProductionOrderApiTests.UpdateProductionOrderById" computerName="achims-mbp" duration="00:00:00.1160000" startTime="2017-03-15T14:37:54.9864120+01:00" endTime="2017-03-15T14:37:54.9864000+01:00" testType="13cdc9d9-ddb5-4fa4-a97d-d965ccfc6d4b" outcome="Passed" testListId="8c84fa94-04c1-424b-9868-57a2d4851a1d" relativeResultsDirectory="175c3f36-214f-4754-8b09-b3646d143f92" />
    <UnitTestResult executionId="3625cf8b-43a3-4631-818a-6832e8866f28" testId="28e330ad-11d3-4466-8927-fb3ea970c8e4" testName="Xavo.Masterdata.Tests.Api.ProductionOrderApiTests.UpdateProductionOrderByIdFailsIfNameInUse" computerName="achims-mbp" duration="00:00:00.0860000" startTime="2017-03-15T14:37:54.9864530+01:00" endTime="2017-03-15T14:37:54.9864420+01:00" testType="13cdc9d9-ddb5-4fa4-a97d-d965ccfc6d4b" outcome="Passed" testListId="8c84fa94-04c1-424b-9868-57a2d4851a1d" relativeResultsDirectory="3625cf8b-43a3-4631-818a-6832e8866f28" />
    <UnitTestResult executionId="6204a14e-5ad0-4971-b0b0-cbd6105dd193" testId="45502b3f-0c0f-40f5-a4f9-43c908a74f9a" testName="Xavo.Masterdata.Tests.Api.ProductionOrderApiTests.CannotAddNewProductionOrderWithoutName" computerName="achims-mbp" duration="00:00:00.0780000" startTime="2017-03-15T14:37:54.9864980+01:00" endTime="2017-03-15T14:37:54.9864870+01:00" testType="13cdc9d9-ddb5-4fa4-a97d-d965ccfc6d4b" outcome="Passed" testListId="8c84fa94-04c1-424b-9868-57a2d4851a1d" relativeResultsDirectory="6204a14e-5ad0-4971-b0b0-cbd6105dd193" />
    <UnitTestResult executionId="ec5ea073-c8eb-4387-87ce-43cee0d8996d" testId="b54849e1-48c0-47f4-99a5-16f1c1fca0de" testName="Xavo.Masterdata.Tests.Api.ProductionOrderApiTests.InitiallyNoDefinitions" computerName="achims-mbp" duration="00:00:00.0680000" startTime="2017-03-15T14:37:55.6590480+01:00" endTime="2017-03-15T14:37:55.6590370+01:00" testType="13cdc9d9-ddb5-4fa4-a97d-d965ccfc6d4b" outcome="Passed" testListId="8c84fa94-04c1-424b-9868-57a2d4851a1d" relativeResultsDirectory="ec5ea073-c8eb-4387-87ce-43cee0d8996d" />
    <UnitTestResult executionId="7510b8da-684c-492d-a442-7d65072b44b0" testId="865bdc1d-2d11-4071-985a-4ef8e7339558" testName="Xavo.Masterdata.Tests.Api.ProductionOrderApiTests.GetProductionOrderByUnknownName" computerName="achims-mbp" duration="00:00:00.0660000" startTime="2017-03-15T14:37:55.6591120+01:00" endTime="2017-03-15T14:37:55.6591000+01:00" testType="13cdc9d9-ddb5-4fa4-a97d-d965ccfc6d4b" outcome="Passed" testListId="8c84fa94-04c1-424b-9868-57a2d4851a1d" relativeResultsDirectory="7510b8da-684c-492d-a442-7d65072b44b0" />
    <UnitTestResult executionId="6c904cb6-1862-49e4-a147-7af1303ef1d2" testId="fc92880f-0427-4a26-8f9d-4dc59db31da3" testName="Xavo.Masterdata.Tests.Api.ProductionOrderApiTests.GetProductionOrderByUnknownId" computerName="achims-mbp" duration="00:00:00.0650000" startTime="2017-03-15T14:37:55.6591560+01:00" endTime="2017-03-15T14:37:55.6591450+01:00" testType="13cdc9d9-ddb5-4fa4-a97d-d965ccfc6d4b" outcome="Passed" testListId="8c84fa94-04c1-424b-9868-57a2d4851a1d" relativeResultsDirectory="6c904cb6-1862-49e4-a147-7af1303ef1d2" />
    <UnitTestResult executionId="8d2a52e4-7fc8-4e1b-a73f-c22e5a220a25" testId="27ce4b71-ced3-4ea2-9dee-3eef725af9cf" testName="Xavo.Masterdata.Tests.Api.ProductionOrderApiTests.CanAddNewProductionOrderWithoutProperties" computerName="achims-mbp" duration="00:00:00.0810000" startTime="2017-03-15T14:37:55.6592100+01:00" endTime="2017-03-15T14:37:55.6591980+01:00" testType="13cdc9d9-ddb5-4fa4-a97d-d965ccfc6d4b" outcome="Passed" testListId="8c84fa94-04c1-424b-9868-57a2d4851a1d" relativeResultsDirectory="8d2a52e4-7fc8-4e1b-a73f-c22e5a220a25" />
    <UnitTestResult executionId="3da0bc4f-d6c7-4fdb-aa75-1288032cb6d0" testId="57e007ec-4cdb-46a2-b81b-49658a55974f" testName="Xavo.Masterdata.Tests.Api.ProductionUnitApiTests.CannotAddNewProductionUnitWithoutName" computerName="achims-mbp" duration="00:00:00.0730000" startTime="2017-03-15T14:37:55.6592520+01:00" endTime="2017-03-15T14:37:55.6592410+01:00" testType="13cdc9d9-ddb5-4fa4-a97d-d965ccfc6d4b" outcome="Passed" testListId="8c84fa94-04c1-424b-9868-57a2d4851a1d" relativeResultsDirectory="3da0bc4f-d6c7-4fdb-aa75-1288032cb6d0" />
    <UnitTestResult executionId="e597c475-f299-4536-9a88-91a8c6bb3092" testId="a214fd40-05c5-43f6-a7df-fcb1fdd10ce4" testName="Xavo.Masterdata.Tests.Api.ProductionUnitApiTests.GetProductionUnitByUnknownName" computerName="achims-mbp" duration="00:00:00.0750000" startTime="2017-03-15T14:37:55.6592960+01:00" endTime="2017-03-15T14:37:55.6592850+01:00" testType="13cdc9d9-ddb5-4fa4-a97d-d965ccfc6d4b" outcome="Passed" testListId="8c84fa94-04c1-424b-9868-57a2d4851a1d" relativeResultsDirectory="e597c475-f299-4536-9a88-91a8c6bb3092" />
    <UnitTestResult executionId="27bd4815-1e8a-4e7a-940d-a0f9066f4266" testId="550af813-3c84-4e49-b8e8-0eb256d93f2d" testName="Xavo.Masterdata.Tests.Api.ProductionUnitApiTests.CanAddNewProductionUnitWithoutBody" computerName="achims-mbp" duration="00:00:00.0800000" startTime="2017-03-15T14:37:55.6593370+01:00" endTime="2017-03-15T14:37:55.6593260+01:00" testType="13cdc9d9-ddb5-4fa4-a97d-d965ccfc6d4b" outcome="Passed" testListId="8c84fa94-04c1-424b-9868-57a2d4851a1d" relativeResultsDirectory="27bd4815-1e8a-4e7a-940d-a0f9066f4266" />
    <UnitTestResult executionId="f4e65d16-1fef-4b7a-8f75-9040215b70af" testId="0c638432-4ed8-46fb-ad3c-9953a83c0e23" testName="Xavo.Masterdata.Tests.Api.ProductionUnitApiTests.UpdateProductionUnitByNumber" computerName="achims-mbp" duration="00:00:00.0830000" startTime="2017-03-15T14:37:55.6593800+01:00" endTime="2017-03-15T14:37:55.6593690+01:00" testType="13cdc9d9-ddb5-4fa4-a97d-d965ccfc6d4b" outcome="Passed" testListId="8c84fa94-04c1-424b-9868-57a2d4851a1d" relativeResultsDirectory="f4e65d16-1fef-4b7a-8f75-9040215b70af" />
    <UnitTestResult executionId="c0754a2f-ef9f-49d2-b429-7359216eb482" testId="4ef5b874-da3a-4d55-8437-8f43b14deeb0" testName="Xavo.Masterdata.Tests.Api.ProductionUnitApiTests.GetProductionUnitByUnknownId" computerName="achims-mbp" duration="00:00:00.0780000" startTime="2017-03-15T14:37:55.6594200+01:00" endTime="2017-03-15T14:37:55.6594090+01:00" testType="13cdc9d9-ddb5-4fa4-a97d-d965ccfc6d4b" outcome="Passed" testListId="8c84fa94-04c1-424b-9868-57a2d4851a1d" relativeResultsDirectory="c0754a2f-ef9f-49d2-b429-7359216eb482" />
    <UnitTestResult executionId="2725a90f-5dd6-4e58-a436-4a5d04b5ba5f" testId="6ebcfdef-1872-4f97-9ed4-972261bf5b00" testName="Xavo.Masterdata.Tests.Api.ProductionUnitApiTests.UpdateProductionUnitById" computerName="achims-mbp" duration="00:00:00.1060000" startTime="2017-03-15T14:37:56.4378170+01:00" endTime="2017-03-15T14:37:56.4378050+01:00" testType="13cdc9d9-ddb5-4fa4-a97d-d965ccfc6d4b" outcome="Passed" testListId="8c84fa94-04c1-424b-9868-57a2d4851a1d" relativeResultsDirectory="2725a90f-5dd6-4e58-a436-4a5d04b5ba5f" />
    <UnitTestResult executionId="999a75aa-3ddf-4baf-8cf5-0716a21ca836" testId="48b25ed5-ae31-4c84-9b58-8e990101c89b" testName="Xavo.Masterdata.Tests.Api.ProductionUnitApiTests.CanAddNewProductionUnitWithoutDescription" computerName="achims-mbp" duration="00:00:00.0670000" startTime="2017-03-15T14:37:56.4378780+01:00" endTime="2017-03-15T14:37:56.4378670+01:00" testType="13cdc9d9-ddb5-4fa4-a97d-d965ccfc6d4b" outcome="Passed" testListId="8c84fa94-04c1-424b-9868-57a2d4851a1d" relativeResultsDirectory="999a75aa-3ddf-4baf-8cf5-0716a21ca836" />
    <UnitTestResult executionId="67ea7d52-4bb9-4925-8827-4d5568489686" testId="97275e62-def8-4ac8-860e-d60a8a0695f8" testName="Xavo.Masterdata.Tests.Api.ProductionUnitApiTests.UpdateProductionUnitByIdFailsIfNameInUse" computerName="achims-mbp" duration="00:00:00.0960000" startTime="2017-03-15T14:37:56.4379240+01:00" endTime="2017-03-15T14:37:56.4379130+01:00" testType="13cdc9d9-ddb5-4fa4-a97d-d965ccfc6d4b" outcome="Passed" testListId="8c84fa94-04c1-424b-9868-57a2d4851a1d" relativeResultsDirectory="67ea7d52-4bb9-4925-8827-4d5568489686" />
    <UnitTestResult executionId="8aa1e10c-9514-471e-9f75-b443ce7a2123" testId="9fe43730-2fcc-4894-a344-37038118f69e" testName="Xavo.Masterdata.Tests.Api.ProductionUnitApiTests.InitiallyNoDefinitions" computerName="achims-mbp" duration="00:00:00.0720000" startTime="2017-03-15T14:37:56.4379750+01:00" endTime="2017-03-15T14:37:56.4379630+01:00" testType="13cdc9d9-ddb5-4fa4-a97d-d965ccfc6d4b" outcome="Passed" testListId="8c84fa94-04c1-424b-9868-57a2d4851a1d" relativeResultsDirectory="8aa1e10c-9514-471e-9f75-b443ce7a2123" />
    <UnitTestResult executionId="084d4ead-c828-4637-9b7a-09748a58047e" testId="ad3e815a-451a-4eaa-9318-7058d41572b6" testName="Xavo.Masterdata.Tests.Api.ProductionUnitApiTests.AddNewProductionUnit" computerName="achims-mbp" duration="00:00:00.0940000" startTime="2017-03-15T14:37:56.4380180+01:00" endTime="2017-03-15T14:37:56.4380070+01:00" testType="13cdc9d9-ddb5-4fa4-a97d-d965ccfc6d4b" outcome="Passed" testListId="8c84fa94-04c1-424b-9868-57a2d4851a1d" relativeResultsDirectory="084d4ead-c828-4637-9b7a-09748a58047e" />
    <UnitTestResult executionId="25760c5d-220e-4134-ba0e-8ce900f10f49" testId="d3ad1855-2dac-49b8-a0a2-188b2af15835" testName="Xavo.Masterdata.Tests.Api.UnitOfMeasureApiTests.DeleteUnitOfMeasureWithUnknownIdReturnsNotFound" computerName="achims-mbp" duration="00:00:00.0880000" startTime="2017-03-15T14:37:56.4380670+01:00" endTime="2017-03-15T14:37:56.4380560+01:00" testType="13cdc9d9-ddb5-4fa4-a97d-d965ccfc6d4b" outcome="Failed" testListId="8c84fa94-04c1-424b-9868-57a2d4851a1d" relativeResultsDirectory="25760c5d-220e-4134-ba0e-8ce900f10f49">
      <Output>
        <ErrorInfo>
          <Message>Assert.Equal() Failure
Expected: NotFound
Actual:   BadRequest</Message>
          <StackTrace>   at Xavo.Masterdata.Tests.Api.UnitOfMeasureApiTests.&lt;DeleteUnitOfMeasureWithUnknownIdReturnsNotFound&gt;d__6.MoveNext() in /Users/aschrepfer/Dev/Pollux/xavo-masterdata/Masterdata.Tests/Api/UnitOfMeasureApiTests.cs:line 70
--- End of stack trace from previous location where exception was thrown ---
   at System.Runtime.ExceptionServices.ExceptionDispatchInfo.Throw()
   at System.Runtime.CompilerServices.TaskAwaiter.HandleNonSuccessAndDebuggerNotification(Task task)
--- End of stack trace from previous location where exception was thrown ---
   at System.Runtime.ExceptionServices.ExceptionDispatchInfo.Throw()
   at System.Runtime.CompilerServices.TaskAwaiter.HandleNonSuccessAndDebuggerNotification(Task task)
--- End of stack trace from previous location where exception was thrown ---
   at System.Runtime.ExceptionServices.ExceptionDispatchInfo.Throw()
   at System.Runtime.CompilerServices.TaskAwaiter.HandleNonSuccessAndDebuggerNotification(Task task)</StackTrace>
        </ErrorInfo>
      </Output>
    </UnitTestResult>
    <UnitTestResult executionId="980a35a6-01ae-4c89-bc3e-4ce0a601d9c0" testId="f51301a0-4c76-4a47-aef7-865101d05392" testName="Xavo.Masterdata.Tests.Api.UnitOfMeasureApiTests.GetUnitOfMeasureWithUnknownIdReturnsNotFound" computerName="achims-mbp" duration="00:00:00.0690000" startTime="2017-03-15T14:37:56.4385710+01:00" endTime="2017-03-15T14:37:56.4385600+01:00" testType="13cdc9d9-ddb5-4fa4-a97d-d965ccfc6d4b" outcome="Passed" testListId="8c84fa94-04c1-424b-9868-57a2d4851a1d" relativeResultsDirectory="980a35a6-01ae-4c89-bc3e-4ce0a601d9c0" />
    <UnitTestResult executionId="2c4aae60-d5b5-4644-99df-db34160accf4" testId="930bed1c-e168-49cd-9797-ca7f02c1c34d" testName="Xavo.Masterdata.Tests.Api.UnitOfMeasureApiTests.AddNewUnitOfMeasureWorksWithoutDescription" computerName="achims-mbp" duration="00:00:00.0720000" startTime="2017-03-15T14:37:56.4386180+01:00" endTime="2017-03-15T14:37:56.4386070+01:00" testType="13cdc9d9-ddb5-4fa4-a97d-d965ccfc6d4b" outcome="Passed" testListId="8c84fa94-04c1-424b-9868-57a2d4851a1d" relativeResultsDirectory="2c4aae60-d5b5-4644-99df-db34160accf4" />
    <UnitTestResult executionId="0037dd93-a877-416b-bfdc-8e01672fb3b5" testId="d98ad16e-bbd4-4224-8547-12e8f97942c8" testName="Xavo.Masterdata.Tests.Api.UnitOfMeasureApiTests.PreviouslyAddedUomCanBeRetrievedViaGet" computerName="achims-mbp" duration="00:00:00.0950000" startTime="2017-03-15T14:37:56.4386640+01:00" endTime="2017-03-15T14:37:56.4386530+01:00" testType="13cdc9d9-ddb5-4fa4-a97d-d965ccfc6d4b" outcome="Passed" testListId="8c84fa94-04c1-424b-9868-57a2d4851a1d" relativeResultsDirectory="0037dd93-a877-416b-bfdc-8e01672fb3b5" />
    <UnitTestResult executionId="841c3174-04e1-429a-8a26-4dbf02e1f5bc" testId="284c84d8-75a3-46a8-bd1d-36a398fd693e" testName="Xavo.Masterdata.Tests.Api.UnitOfMeasureApiTests.AddNewUnitOfMeasureWorksWithDescription" computerName="achims-mbp" duration="00:00:00.0720000" startTime="2017-03-15T14:37:56.6195180+01:00" endTime="2017-03-15T14:37:56.6195060+01:00" testType="13cdc9d9-ddb5-4fa4-a97d-d965ccfc6d4b" outcome="Passed" testListId="8c84fa94-04c1-424b-9868-57a2d4851a1d" relativeResultsDirectory="841c3174-04e1-429a-8a26-4dbf02e1f5bc" />
    <UnitTestResult executionId="d1ee4bc5-3136-4645-b136-a39ae49892d9" testId="01eaa5ef-1ba3-4945-9e80-c9514be5cf45" testName="Xavo.Masterdata.Tests.Api.UnitOfMeasureApiTests.InitiallyNoTypes" computerName="achims-mbp" duration="00:00:00.0730000" startTime="2017-03-15T14:37:56.6195920+01:00" endTime="2017-03-15T14:37:56.6195810+01:00" testType="13cdc9d9-ddb5-4fa4-a97d-d965ccfc6d4b" outcome="Passed" testListId="8c84fa94-04c1-424b-9868-57a2d4851a1d" relativeResultsDirectory="d1ee4bc5-3136-4645-b136-a39ae49892d9" />
  </Results>
  <TestDefinitions>
    <UnitTest name="Xavo.Masterdata.Tests.Messaging.MasterDataEventTests.ContextIsSetOnConstruction" storage="/users/aschrepfer/dev/pollux/xavo-masterdata/masterdata.tests/bin/debug/netcoreapp1.1/xavo.masterdata.tests.dll" id="600455e9-18c4-4477-963d-2c438c31381c">
      <Execution id="84aad3a6-7f40-4455-b297-68129a5f9488" />
      <TestMethod codeBase="/Users/aschrepfer/Dev/Pollux/xavo-masterdata/Masterdata.Tests/bin/Debug/netcoreapp1.1/Xavo.Masterdata.Tests.dll" executorUriOfAdapter="executor://xunit/VsTestRunner2" className="Xavo.Masterdata.Tests.Messaging.MasterDataEventTests" name="Xavo.Masterdata.Tests.Messaging.MasterDataEventTests.ContextIsSetOnConstruction" />
    </UnitTest>
    <UnitTest name="Xavo.Masterdata.Tests.Messaging.EventTests.MessageIdIsSetOnConstruction" storage="/users/aschrepfer/dev/pollux/xavo-masterdata/masterdata.tests/bin/debug/netcoreapp1.1/xavo.masterdata.tests.dll" id="7724cdf7-6999-4591-b723-2331ca7eefb8">
      <Execution id="27e27864-f6ae-45a5-acad-6e65b1de870d" />
      <TestMethod codeBase="/Users/aschrepfer/Dev/Pollux/xavo-masterdata/Masterdata.Tests/bin/Debug/netcoreapp1.1/Xavo.Masterdata.Tests.dll" executorUriOfAdapter="executor://xunit/VsTestRunner2" className="Xavo.Masterdata.Tests.Messaging.EventTests" name="Xavo.Masterdata.Tests.Messaging.EventTests.MessageIdIsSetOnConstruction" />
    </UnitTest>
    <UnitTest name="Xavo.Masterdata.Tests.Api.MaterialDefinitionApiTests.GetMaterialDefinitionByUnknownName" storage="/users/aschrepfer/dev/pollux/xavo-masterdata/masterdata.tests/bin/debug/netcoreapp1.1/xavo.masterdata.tests.dll" id="c41d0679-97d0-494d-aabc-9b7d66be3783">
      <Execution id="266a85d2-ec47-4eb0-ab99-fdc500572dec" />
      <TestMethod codeBase="/Users/aschrepfer/Dev/Pollux/xavo-masterdata/Masterdata.Tests/bin/Debug/netcoreapp1.1/Xavo.Masterdata.Tests.dll" executorUriOfAdapter="executor://xunit/VsTestRunner2" className="Xavo.Masterdata.Tests.Api.MaterialDefinitionApiTests" name="Xavo.Masterdata.Tests.Api.MaterialDefinitionApiTests.GetMaterialDefinitionByUnknownName" />
    </UnitTest>
    <UnitTest name="Xavo.Masterdata.Tests.Api.MaterialDefinitionApiTests.CanAddNewMaterialDefinitionWithoutDescription" storage="/users/aschrepfer/dev/pollux/xavo-masterdata/masterdata.tests/bin/debug/netcoreapp1.1/xavo.masterdata.tests.dll" id="b9c618cf-bbb2-412a-9592-18af9ad6110e">
      <Execution id="6777aeb5-92b6-44f4-bc58-9cf06423489e" />
      <TestMethod codeBase="/Users/aschrepfer/Dev/Pollux/xavo-masterdata/Masterdata.Tests/bin/Debug/netcoreapp1.1/Xavo.Masterdata.Tests.dll" executorUriOfAdapter="executor://xunit/VsTestRunner2" className="Xavo.Masterdata.Tests.Api.MaterialDefinitionApiTests" name="Xavo.Masterdata.Tests.Api.MaterialDefinitionApiTests.CanAddNewMaterialDefinitionWithoutDescription" />
    </UnitTest>
    <UnitTest name="Xavo.Masterdata.Tests.Api.MaterialDefinitionApiTests.UpdateMaterialDefinitionById" storage="/users/aschrepfer/dev/pollux/xavo-masterdata/masterdata.tests/bin/debug/netcoreapp1.1/xavo.masterdata.tests.dll" id="427054c2-bf24-409b-84e6-7b9f6fa74505">
      <Execution id="d48c2e77-920b-4367-b7be-dd3f52a7d352" />
      <TestMethod codeBase="/Users/aschrepfer/Dev/Pollux/xavo-masterdata/Masterdata.Tests/bin/Debug/netcoreapp1.1/Xavo.Masterdata.Tests.dll" executorUriOfAdapter="executor://xunit/VsTestRunner2" className="Xavo.Masterdata.Tests.Api.MaterialDefinitionApiTests" name="Xavo.Masterdata.Tests.Api.MaterialDefinitionApiTests.UpdateMaterialDefinitionById" />
    </UnitTest>
    <UnitTest name="Xavo.Masterdata.Tests.Api.MaterialDefinitionApiTests.GetMaterialDefinitionByUnknownId" storage="/users/aschrepfer/dev/pollux/xavo-masterdata/masterdata.tests/bin/debug/netcoreapp1.1/xavo.masterdata.tests.dll" id="e1a76c59-4acb-4443-8c32-02c8dd72c1fc">
      <Execution id="d18b49ca-b570-4f32-82b5-043394a687f4" />
      <TestMethod codeBase="/Users/aschrepfer/Dev/Pollux/xavo-masterdata/Masterdata.Tests/bin/Debug/netcoreapp1.1/Xavo.Masterdata.Tests.dll" executorUriOfAdapter="executor://xunit/VsTestRunner2" className="Xavo.Masterdata.Tests.Api.MaterialDefinitionApiTests" name="Xavo.Masterdata.Tests.Api.MaterialDefinitionApiTests.GetMaterialDefinitionByUnknownId" />
    </UnitTest>
    <UnitTest name="Xavo.Masterdata.Tests.Api.MaterialDefinitionApiTests.AddNewMaterialDefinition" storage="/users/aschrepfer/dev/pollux/xavo-masterdata/masterdata.tests/bin/debug/netcoreapp1.1/xavo.masterdata.tests.dll" id="59778622-31b2-40c3-bb0f-5e4811a6e52b">
      <Execution id="578b23fa-4875-473d-9bb9-05e2b1d0b63a" />
      <TestMethod codeBase="/Users/aschrepfer/Dev/Pollux/xavo-masterdata/Masterdata.Tests/bin/Debug/netcoreapp1.1/Xavo.Masterdata.Tests.dll" executorUriOfAdapter="executor://xunit/VsTestRunner2" className="Xavo.Masterdata.Tests.Api.MaterialDefinitionApiTests" name="Xavo.Masterdata.Tests.Api.MaterialDefinitionApiTests.AddNewMaterialDefinition" />
    </UnitTest>
    <UnitTest name="Xavo.Masterdata.Tests.Api.MaterialDefinitionApiTests.InitiallyNoDefinitions" storage="/users/aschrepfer/dev/pollux/xavo-masterdata/masterdata.tests/bin/debug/netcoreapp1.1/xavo.masterdata.tests.dll" id="82ff4f0b-bfb7-488e-ab7e-b6556f2d65e0">
      <Execution id="5bd56ef1-a391-4059-98a5-86c0a0b18524" />
      <TestMethod codeBase="/Users/aschrepfer/Dev/Pollux/xavo-masterdata/Masterdata.Tests/bin/Debug/netcoreapp1.1/Xavo.Masterdata.Tests.dll" executorUriOfAdapter="executor://xunit/VsTestRunner2" className="Xavo.Masterdata.Tests.Api.MaterialDefinitionApiTests" name="Xavo.Masterdata.Tests.Api.MaterialDefinitionApiTests.InitiallyNoDefinitions" />
    </UnitTest>
    <UnitTest name="Xavo.Masterdata.Tests.Api.MaterialDefinitionApiTests.UpdateMaterialDefinitionByIdFailsIfNameInUse" storage="/users/aschrepfer/dev/pollux/xavo-masterdata/masterdata.tests/bin/debug/netcoreapp1.1/xavo.masterdata.tests.dll" id="4693e7b6-5e6a-42f0-8f80-9554a9a2df67">
      <Execution id="14d7c8ef-edf6-4c75-8310-9fa6176d22e4" />
      <TestMethod codeBase="/Users/aschrepfer/Dev/Pollux/xavo-masterdata/Masterdata.Tests/bin/Debug/netcoreapp1.1/Xavo.Masterdata.Tests.dll" executorUriOfAdapter="executor://xunit/VsTestRunner2" className="Xavo.Masterdata.Tests.Api.MaterialDefinitionApiTests" name="Xavo.Masterdata.Tests.Api.MaterialDefinitionApiTests.UpdateMaterialDefinitionByIdFailsIfNameInUse" />
    </UnitTest>
    <UnitTest name="Xavo.Masterdata.Tests.Api.MaterialDefinitionApiTests.CannotUpdateArchivedMaterialDefinitionByName" storage="/users/aschrepfer/dev/pollux/xavo-masterdata/masterdata.tests/bin/debug/netcoreapp1.1/xavo.masterdata.tests.dll" id="7fa46d32-2b33-412d-98d0-05d50b54f491">
      <Execution id="91c6fead-7a1c-44c1-8ec2-925269b9a4ab" />
      <TestMethod codeBase="/Users/aschrepfer/Dev/Pollux/xavo-masterdata/Masterdata.Tests/bin/Debug/netcoreapp1.1/Xavo.Masterdata.Tests.dll" executorUriOfAdapter="executor://xunit/VsTestRunner2" className="Xavo.Masterdata.Tests.Api.MaterialDefinitionApiTests" name="Xavo.Masterdata.Tests.Api.MaterialDefinitionApiTests.CannotUpdateArchivedMaterialDefinitionByName" />
    </UnitTest>
    <UnitTest name="Xavo.Masterdata.Tests.Api.MaterialDefinitionApiTests.AddNewMaterialDefinitionForInvalidMaterialType" storage="/users/aschrepfer/dev/pollux/xavo-masterdata/masterdata.tests/bin/debug/netcoreapp1.1/xavo.masterdata.tests.dll" id="0a602257-0ac9-49f4-a367-637cce67f34a">
      <Execution id="f899dc19-d381-4952-b5d6-6ee2b445f5ce" />
      <TestMethod codeBase="/Users/aschrepfer/Dev/Pollux/xavo-masterdata/Masterdata.Tests/bin/Debug/netcoreapp1.1/Xavo.Masterdata.Tests.dll" executorUriOfAdapter="executor://xunit/VsTestRunner2" className="Xavo.Masterdata.Tests.Api.MaterialDefinitionApiTests" name="Xavo.Masterdata.Tests.Api.MaterialDefinitionApiTests.AddNewMaterialDefinitionForInvalidMaterialType" />
    </UnitTest>
    <UnitTest name="Xavo.Masterdata.Tests.Api.MaterialDefinitionApiTests.CannotUpdateArchivedMaterialDefinitionById" storage="/users/aschrepfer/dev/pollux/xavo-masterdata/masterdata.tests/bin/debug/netcoreapp1.1/xavo.masterdata.tests.dll" id="ffd8fb9f-7ef3-4a1f-a651-3919c5d378f3">
      <Execution id="eb19eaf0-6db3-41e5-8c91-51da13f7a999" />
      <TestMethod codeBase="/Users/aschrepfer/Dev/Pollux/xavo-masterdata/Masterdata.Tests/bin/Debug/netcoreapp1.1/Xavo.Masterdata.Tests.dll" executorUriOfAdapter="executor://xunit/VsTestRunner2" className="Xavo.Masterdata.Tests.Api.MaterialDefinitionApiTests" name="Xavo.Masterdata.Tests.Api.MaterialDefinitionApiTests.CannotUpdateArchivedMaterialDefinitionById" />
    </UnitTest>
    <UnitTest name="Xavo.Masterdata.Tests.Api.MaterialDefinitionApiTests.CannotReuseArchivedMaterialDefinitionName" storage="/users/aschrepfer/dev/pollux/xavo-masterdata/masterdata.tests/bin/debug/netcoreapp1.1/xavo.masterdata.tests.dll" id="21be671c-96cf-48e1-b616-144c73f4c28c">
      <Execution id="7e071ec9-297c-4d0a-a064-dc5e2bcb9bbd" />
      <TestMethod codeBase="/Users/aschrepfer/Dev/Pollux/xavo-masterdata/Masterdata.Tests/bin/Debug/netcoreapp1.1/Xavo.Masterdata.Tests.dll" executorUriOfAdapter="executor://xunit/VsTestRunner2" className="Xavo.Masterdata.Tests.Api.MaterialDefinitionApiTests" name="Xavo.Masterdata.Tests.Api.MaterialDefinitionApiTests.CannotReuseArchivedMaterialDefinitionName" />
    </UnitTest>
    <UnitTest name="Xavo.Masterdata.Tests.Api.MaterialDefinitionApiTests.ArchiveMaterialDefinition" storage="/users/aschrepfer/dev/pollux/xavo-masterdata/masterdata.tests/bin/debug/netcoreapp1.1/xavo.masterdata.tests.dll" id="84a16b67-0bda-4d40-8b0b-68571a94d632">
      <Execution id="065916ef-70af-4f83-8df8-681be9f856b5" />
      <TestMethod codeBase="/Users/aschrepfer/Dev/Pollux/xavo-masterdata/Masterdata.Tests/bin/Debug/netcoreapp1.1/Xavo.Masterdata.Tests.dll" executorUriOfAdapter="executor://xunit/VsTestRunner2" className="Xavo.Masterdata.Tests.Api.MaterialDefinitionApiTests" name="Xavo.Masterdata.Tests.Api.MaterialDefinitionApiTests.ArchiveMaterialDefinition" />
    </UnitTest>
    <UnitTest name="Xavo.Masterdata.Tests.Api.MaterialDefinitionApiTests.CannotAddNewMaterialDefinitionWithoutName" storage="/users/aschrepfer/dev/pollux/xavo-masterdata/masterdata.tests/bin/debug/netcoreapp1.1/xavo.masterdata.tests.dll" id="2f0e19c2-654e-45c9-bea9-c5fa13785445">
      <Execution id="86497ac3-dde2-4b00-9bfd-d83c349fb41d" />
      <TestMethod codeBase="/Users/aschrepfer/Dev/Pollux/xavo-masterdata/Masterdata.Tests/bin/Debug/netcoreapp1.1/Xavo.Masterdata.Tests.dll" executorUriOfAdapter="executor://xunit/VsTestRunner2" className="Xavo.Masterdata.Tests.Api.MaterialDefinitionApiTests" name="Xavo.Masterdata.Tests.Api.MaterialDefinitionApiTests.CannotAddNewMaterialDefinitionWithoutName" />
    </UnitTest>
    <UnitTest name="Xavo.Masterdata.Tests.Api.MaterialDefinitionApiTests.UpdatedMaterialTypeNameIsReflectedInMaterialDefinition" storage="/users/aschrepfer/dev/pollux/xavo-masterdata/masterdata.tests/bin/debug/netcoreapp1.1/xavo.masterdata.tests.dll" id="f9d6e276-8948-40fa-81d5-bd44adfd532b">
      <Execution id="0a234598-37d6-4254-8a37-910aea2b6976" />
      <TestMethod codeBase="/Users/aschrepfer/Dev/Pollux/xavo-masterdata/Masterdata.Tests/bin/Debug/netcoreapp1.1/Xavo.Masterdata.Tests.dll" executorUriOfAdapter="executor://xunit/VsTestRunner2" className="Xavo.Masterdata.Tests.Api.MaterialDefinitionApiTests" name="Xavo.Masterdata.Tests.Api.MaterialDefinitionApiTests.UpdatedMaterialTypeNameIsReflectedInMaterialDefinition" />
    </UnitTest>
    <UnitTest name="Xavo.Masterdata.Tests.Api.MaterialDefinitionApiTests.UpdateMaterialDefinitionByNumber" storage="/users/aschrepfer/dev/pollux/xavo-masterdata/masterdata.tests/bin/debug/netcoreapp1.1/xavo.masterdata.tests.dll" id="f43c48ce-8cc5-4999-9a85-3c6d14ee5507">
      <Execution id="4f30df68-1db2-42a4-825b-39c64ca14976" />
      <TestMethod codeBase="/Users/aschrepfer/Dev/Pollux/xavo-masterdata/Masterdata.Tests/bin/Debug/netcoreapp1.1/Xavo.Masterdata.Tests.dll" executorUriOfAdapter="executor://xunit/VsTestRunner2" className="Xavo.Masterdata.Tests.Api.MaterialDefinitionApiTests" name="Xavo.Masterdata.Tests.Api.MaterialDefinitionApiTests.UpdateMaterialDefinitionByNumber" />
    </UnitTest>
    <UnitTest name="Xavo.Masterdata.Tests.Api.MaterialTypeApiTests.ArchiveMaterialType" storage="/users/aschrepfer/dev/pollux/xavo-masterdata/masterdata.tests/bin/debug/netcoreapp1.1/xavo.masterdata.tests.dll" id="9518f00b-9682-4205-9f53-868ac8bbe133">
      <Execution id="1627801a-4b9f-43d6-9d75-c4ecb8d647ac" />
      <TestMethod codeBase="/Users/aschrepfer/Dev/Pollux/xavo-masterdata/Masterdata.Tests/bin/Debug/netcoreapp1.1/Xavo.Masterdata.Tests.dll" executorUriOfAdapter="executor://xunit/VsTestRunner2" className="Xavo.Masterdata.Tests.Api.MaterialTypeApiTests" name="Xavo.Masterdata.Tests.Api.MaterialTypeApiTests.ArchiveMaterialType" />
    </UnitTest>
    <UnitTest name="Xavo.Masterdata.Tests.Api.MaterialTypeApiTests.UpdateMaterialTypeByNumber" storage="/users/aschrepfer/dev/pollux/xavo-masterdata/masterdata.tests/bin/debug/netcoreapp1.1/xavo.masterdata.tests.dll" id="20d5dc4a-f9b6-4016-979f-9d327d866cf1">
      <Execution id="1442ffb0-0e19-4d35-a73a-66749a0db733" />
      <TestMethod codeBase="/Users/aschrepfer/Dev/Pollux/xavo-masterdata/Masterdata.Tests/bin/Debug/netcoreapp1.1/Xavo.Masterdata.Tests.dll" executorUriOfAdapter="executor://xunit/VsTestRunner2" className="Xavo.Masterdata.Tests.Api.MaterialTypeApiTests" name="Xavo.Masterdata.Tests.Api.MaterialTypeApiTests.UpdateMaterialTypeByNumber" />
    </UnitTest>
    <UnitTest name="Xavo.Masterdata.Tests.Api.MaterialTypeApiTests.UpdateMaterialTypeByIdFailsIfNameInUse" storage="/users/aschrepfer/dev/pollux/xavo-masterdata/masterdata.tests/bin/debug/netcoreapp1.1/xavo.masterdata.tests.dll" id="a3efd369-21d6-46f5-a32e-ae82a7d8f964">
      <Execution id="7c289f0e-8b2b-4638-8faa-6765a5889a02" />
      <TestMethod codeBase="/Users/aschrepfer/Dev/Pollux/xavo-masterdata/Masterdata.Tests/bin/Debug/netcoreapp1.1/Xavo.Masterdata.Tests.dll" executorUriOfAdapter="executor://xunit/VsTestRunner2" className="Xavo.Masterdata.Tests.Api.MaterialTypeApiTests" name="Xavo.Masterdata.Tests.Api.MaterialTypeApiTests.UpdateMaterialTypeByIdFailsIfNameInUse" />
    </UnitTest>
    <UnitTest name="Xavo.Masterdata.Tests.Api.MaterialTypeApiTests.CannotUpdateArchivedMaterialTypeById" storage="/users/aschrepfer/dev/pollux/xavo-masterdata/masterdata.tests/bin/debug/netcoreapp1.1/xavo.masterdata.tests.dll" id="3f9ecd88-69bd-42b8-877e-049a443f34bc">
      <Execution id="78dddbc1-c31f-48fb-8f30-83fd25f52dd2" />
      <TestMethod codeBase="/Users/aschrepfer/Dev/Pollux/xavo-masterdata/Masterdata.Tests/bin/Debug/netcoreapp1.1/Xavo.Masterdata.Tests.dll" executorUriOfAdapter="executor://xunit/VsTestRunner2" className="Xavo.Masterdata.Tests.Api.MaterialTypeApiTests" name="Xavo.Masterdata.Tests.Api.MaterialTypeApiTests.CannotUpdateArchivedMaterialTypeById" />
    </UnitTest>
    <UnitTest name="Xavo.Masterdata.Tests.Api.MaterialTypeApiTests.AddNewMaterialType" storage="/users/aschrepfer/dev/pollux/xavo-masterdata/masterdata.tests/bin/debug/netcoreapp1.1/xavo.masterdata.tests.dll" id="356e59a9-221d-419c-be98-e95504b6499b">
      <Execution id="0f26b064-07ca-4329-957d-f0c51c885424" />
      <TestMethod codeBase="/Users/aschrepfer/Dev/Pollux/xavo-masterdata/Masterdata.Tests/bin/Debug/netcoreapp1.1/Xavo.Masterdata.Tests.dll" executorUriOfAdapter="executor://xunit/VsTestRunner2" className="Xavo.Masterdata.Tests.Api.MaterialTypeApiTests" name="Xavo.Masterdata.Tests.Api.MaterialTypeApiTests.AddNewMaterialType" />
    </UnitTest>
    <UnitTest name="Xavo.Masterdata.Tests.Api.MaterialTypeApiTests.CanAddNewMaterialTypeWithoutDescription" storage="/users/aschrepfer/dev/pollux/xavo-masterdata/masterdata.tests/bin/debug/netcoreapp1.1/xavo.masterdata.tests.dll" id="3a4b67f0-4329-4ee0-9a48-8743da87be25">
      <Execution id="ea944b6e-144f-4901-90fe-bd0fe66e3f54" />
      <TestMethod codeBase="/Users/aschrepfer/Dev/Pollux/xavo-masterdata/Masterdata.Tests/bin/Debug/netcoreapp1.1/Xavo.Masterdata.Tests.dll" executorUriOfAdapter="executor://xunit/VsTestRunner2" className="Xavo.Masterdata.Tests.Api.MaterialTypeApiTests" name="Xavo.Masterdata.Tests.Api.MaterialTypeApiTests.CanAddNewMaterialTypeWithoutDescription" />
    </UnitTest>
    <UnitTest name="Xavo.Masterdata.Tests.Api.MaterialTypeApiTests.GetMaterialTypeByUnknownId" storage="/users/aschrepfer/dev/pollux/xavo-masterdata/masterdata.tests/bin/debug/netcoreapp1.1/xavo.masterdata.tests.dll" id="67efeedc-dfd6-486f-8920-87daf41d4ef2">
      <Execution id="9bf8d809-6cea-4312-86c5-2e8bbbb79e67" />
      <TestMethod codeBase="/Users/aschrepfer/Dev/Pollux/xavo-masterdata/Masterdata.Tests/bin/Debug/netcoreapp1.1/Xavo.Masterdata.Tests.dll" executorUriOfAdapter="executor://xunit/VsTestRunner2" className="Xavo.Masterdata.Tests.Api.MaterialTypeApiTests" name="Xavo.Masterdata.Tests.Api.MaterialTypeApiTests.GetMaterialTypeByUnknownId" />
    </UnitTest>
    <UnitTest name="Xavo.Masterdata.Tests.Api.MaterialTypeApiTests.InitiallyNoTypes" storage="/users/aschrepfer/dev/pollux/xavo-masterdata/masterdata.tests/bin/debug/netcoreapp1.1/xavo.masterdata.tests.dll" id="aa4857bc-ae6a-48c6-bb7a-75b478383c5a">
      <Execution id="18dbbd10-7c11-4c95-8197-d90588282379" />
      <TestMethod codeBase="/Users/aschrepfer/Dev/Pollux/xavo-masterdata/Masterdata.Tests/bin/Debug/netcoreapp1.1/Xavo.Masterdata.Tests.dll" executorUriOfAdapter="executor://xunit/VsTestRunner2" className="Xavo.Masterdata.Tests.Api.MaterialTypeApiTests" name="Xavo.Masterdata.Tests.Api.MaterialTypeApiTests.InitiallyNoTypes" />
    </UnitTest>
    <UnitTest name="Xavo.Masterdata.Tests.Api.MaterialTypeApiTests.GetMaterialTypeByUnknownName" storage="/users/aschrepfer/dev/pollux/xavo-masterdata/masterdata.tests/bin/debug/netcoreapp1.1/xavo.masterdata.tests.dll" id="2d1430eb-ed50-42c2-bc2c-7aaa2d28410d">
      <Execution id="947bbb08-5b8e-4bfd-a28d-bb11cdeae413" />
      <TestMethod codeBase="/Users/aschrepfer/Dev/Pollux/xavo-masterdata/Masterdata.Tests/bin/Debug/netcoreapp1.1/Xavo.Masterdata.Tests.dll" executorUriOfAdapter="executor://xunit/VsTestRunner2" className="Xavo.Masterdata.Tests.Api.MaterialTypeApiTests" name="Xavo.Masterdata.Tests.Api.MaterialTypeApiTests.GetMaterialTypeByUnknownName" />
    </UnitTest>
    <UnitTest name="Xavo.Masterdata.Tests.Api.MaterialTypeApiTests.CannotAddNewMaterialTypeWithoutName" storage="/users/aschrepfer/dev/pollux/xavo-masterdata/masterdata.tests/bin/debug/netcoreapp1.1/xavo.masterdata.tests.dll" id="bdc868d8-1231-4aa9-8fc9-66ad4b0d0b1a">
      <Execution id="3e333835-9567-4e1c-ad60-8d29daaa4b22" />
      <TestMethod codeBase="/Users/aschrepfer/Dev/Pollux/xavo-masterdata/Masterdata.Tests/bin/Debug/netcoreapp1.1/Xavo.Masterdata.Tests.dll" executorUriOfAdapter="executor://xunit/VsTestRunner2" className="Xavo.Masterdata.Tests.Api.MaterialTypeApiTests" name="Xavo.Masterdata.Tests.Api.MaterialTypeApiTests.CannotAddNewMaterialTypeWithoutName" />
    </UnitTest>
    <UnitTest name="Xavo.Masterdata.Tests.Api.MaterialTypeApiTests.CannotReuseArchivedMaterialTypeName" storage="/users/aschrepfer/dev/pollux/xavo-masterdata/masterdata.tests/bin/debug/netcoreapp1.1/xavo.masterdata.tests.dll" id="50cf105e-bfc6-4f7f-88a7-4e7e530f9802">
      <Execution id="12f50bec-1258-4941-b796-fb2df74e7c69" />
      <TestMethod codeBase="/Users/aschrepfer/Dev/Pollux/xavo-masterdata/Masterdata.Tests/bin/Debug/netcoreapp1.1/Xavo.Masterdata.Tests.dll" executorUriOfAdapter="executor://xunit/VsTestRunner2" className="Xavo.Masterdata.Tests.Api.MaterialTypeApiTests" name="Xavo.Masterdata.Tests.Api.MaterialTypeApiTests.CannotReuseArchivedMaterialTypeName" />
    </UnitTest>
    <UnitTest name="Xavo.Masterdata.Tests.Api.MaterialTypeApiTests.UpdateMaterialTypeById" storage="/users/aschrepfer/dev/pollux/xavo-masterdata/masterdata.tests/bin/debug/netcoreapp1.1/xavo.masterdata.tests.dll" id="135497cd-cc99-4242-81e5-f3d5923df1d5">
      <Execution id="d028e8df-8d48-418c-b0c1-be9e5fdb4203" />
      <TestMethod codeBase="/Users/aschrepfer/Dev/Pollux/xavo-masterdata/Masterdata.Tests/bin/Debug/netcoreapp1.1/Xavo.Masterdata.Tests.dll" executorUriOfAdapter="executor://xunit/VsTestRunner2" className="Xavo.Masterdata.Tests.Api.MaterialTypeApiTests" name="Xavo.Masterdata.Tests.Api.MaterialTypeApiTests.UpdateMaterialTypeById" />
    </UnitTest>
    <UnitTest name="Xavo.Masterdata.Tests.Api.MaterialTypeApiTests.CannotUpdateArchivedMaterialTypeByName" storage="/users/aschrepfer/dev/pollux/xavo-masterdata/masterdata.tests/bin/debug/netcoreapp1.1/xavo.masterdata.tests.dll" id="2af3617c-4d70-4a82-9a49-6380e9d30409">
      <Execution id="bb974363-7e2e-4193-9651-03a60737de81" />
      <TestMethod codeBase="/Users/aschrepfer/Dev/Pollux/xavo-masterdata/Masterdata.Tests/bin/Debug/netcoreapp1.1/Xavo.Masterdata.Tests.dll" executorUriOfAdapter="executor://xunit/VsTestRunner2" className="Xavo.Masterdata.Tests.Api.MaterialTypeApiTests" name="Xavo.Masterdata.Tests.Api.MaterialTypeApiTests.CannotUpdateArchivedMaterialTypeByName" />
    </UnitTest>
    <UnitTest name="Xavo.Masterdata.Tests.Api.ProductionOrderApiTests.UpdateProductionOrderByNumber" storage="/users/aschrepfer/dev/pollux/xavo-masterdata/masterdata.tests/bin/debug/netcoreapp1.1/xavo.masterdata.tests.dll" id="f9029c42-cc1f-47cf-a620-0bd368134c51">
      <Execution id="1097c781-d1f1-44f4-b79c-dca7a9365f47" />
      <TestMethod codeBase="/Users/aschrepfer/Dev/Pollux/xavo-masterdata/Masterdata.Tests/bin/Debug/netcoreapp1.1/Xavo.Masterdata.Tests.dll" executorUriOfAdapter="executor://xunit/VsTestRunner2" className="Xavo.Masterdata.Tests.Api.ProductionOrderApiTests" name="Xavo.Masterdata.Tests.Api.ProductionOrderApiTests.UpdateProductionOrderByNumber" />
    </UnitTest>
    <UnitTest name="Xavo.Masterdata.Tests.Api.ProductionOrderApiTests.AddNewProductionOrder" storage="/users/aschrepfer/dev/pollux/xavo-masterdata/masterdata.tests/bin/debug/netcoreapp1.1/xavo.masterdata.tests.dll" id="8c59c433-f85b-4316-8640-57ffcb6bd0bd">
      <Execution id="ba049997-d169-4938-9d9b-bc32599bb43d" />
      <TestMethod codeBase="/Users/aschrepfer/Dev/Pollux/xavo-masterdata/Masterdata.Tests/bin/Debug/netcoreapp1.1/Xavo.Masterdata.Tests.dll" executorUriOfAdapter="executor://xunit/VsTestRunner2" className="Xavo.Masterdata.Tests.Api.ProductionOrderApiTests" name="Xavo.Masterdata.Tests.Api.ProductionOrderApiTests.AddNewProductionOrder" />
    </UnitTest>
    <UnitTest name="Xavo.Masterdata.Tests.Api.ProductionOrderApiTests.CanAddNewProductionOrderWithoutBody" storage="/users/aschrepfer/dev/pollux/xavo-masterdata/masterdata.tests/bin/debug/netcoreapp1.1/xavo.masterdata.tests.dll" id="5f0fb3a5-f533-49d9-a926-4ab2f9c8b594">
      <Execution id="a9d6e6cb-8483-4ce8-ace0-c0c4e576d4fc" />
      <TestMethod codeBase="/Users/aschrepfer/Dev/Pollux/xavo-masterdata/Masterdata.Tests/bin/Debug/netcoreapp1.1/Xavo.Masterdata.Tests.dll" executorUriOfAdapter="executor://xunit/VsTestRunner2" className="Xavo.Masterdata.Tests.Api.ProductionOrderApiTests" name="Xavo.Masterdata.Tests.Api.ProductionOrderApiTests.CanAddNewProductionOrderWithoutBody" />
    </UnitTest>
    <UnitTest name="Xavo.Masterdata.Tests.Api.ProductionOrderApiTests.PartialUpdateProductionOrderByNumber" storage="/users/aschrepfer/dev/pollux/xavo-masterdata/masterdata.tests/bin/debug/netcoreapp1.1/xavo.masterdata.tests.dll" id="3899a20e-fd82-4c18-972f-45bb9581a043">
      <Execution id="226c1d31-31b9-488b-bc44-65072749ee3c" />
      <TestMethod codeBase="/Users/aschrepfer/Dev/Pollux/xavo-masterdata/Masterdata.Tests/bin/Debug/netcoreapp1.1/Xavo.Masterdata.Tests.dll" executorUriOfAdapter="executor://xunit/VsTestRunner2" className="Xavo.Masterdata.Tests.Api.ProductionOrderApiTests" name="Xavo.Masterdata.Tests.Api.ProductionOrderApiTests.PartialUpdateProductionOrderByNumber" />
    </UnitTest>
    <UnitTest name="Xavo.Masterdata.Tests.Api.ProductionOrderApiTests.AddNewProductionOrderForInvalidMaterial" storage="/users/aschrepfer/dev/pollux/xavo-masterdata/masterdata.tests/bin/debug/netcoreapp1.1/xavo.masterdata.tests.dll" id="0c9e7259-1f1e-49d7-a336-b15d00a10f39">
      <Execution id="28f34ebf-3d9c-4d99-b232-88792f0e20cb" />
      <TestMethod codeBase="/Users/aschrepfer/Dev/Pollux/xavo-masterdata/Masterdata.Tests/bin/Debug/netcoreapp1.1/Xavo.Masterdata.Tests.dll" executorUriOfAdapter="executor://xunit/VsTestRunner2" className="Xavo.Masterdata.Tests.Api.ProductionOrderApiTests" name="Xavo.Masterdata.Tests.Api.ProductionOrderApiTests.AddNewProductionOrderForInvalidMaterial" />
    </UnitTest>
    <UnitTest name="Xavo.Masterdata.Tests.Api.ProductionOrderApiTests.UpdateProductionOrderById" storage="/users/aschrepfer/dev/pollux/xavo-masterdata/masterdata.tests/bin/debug/netcoreapp1.1/xavo.masterdata.tests.dll" id="18ed13f6-d5ed-4ccb-900a-66c803542b5c">
      <Execution id="175c3f36-214f-4754-8b09-b3646d143f92" />
      <TestMethod codeBase="/Users/aschrepfer/Dev/Pollux/xavo-masterdata/Masterdata.Tests/bin/Debug/netcoreapp1.1/Xavo.Masterdata.Tests.dll" executorUriOfAdapter="executor://xunit/VsTestRunner2" className="Xavo.Masterdata.Tests.Api.ProductionOrderApiTests" name="Xavo.Masterdata.Tests.Api.ProductionOrderApiTests.UpdateProductionOrderById" />
    </UnitTest>
    <UnitTest name="Xavo.Masterdata.Tests.Api.ProductionOrderApiTests.UpdateProductionOrderByIdFailsIfNameInUse" storage="/users/aschrepfer/dev/pollux/xavo-masterdata/masterdata.tests/bin/debug/netcoreapp1.1/xavo.masterdata.tests.dll" id="28e330ad-11d3-4466-8927-fb3ea970c8e4">
      <Execution id="3625cf8b-43a3-4631-818a-6832e8866f28" />
      <TestMethod codeBase="/Users/aschrepfer/Dev/Pollux/xavo-masterdata/Masterdata.Tests/bin/Debug/netcoreapp1.1/Xavo.Masterdata.Tests.dll" executorUriOfAdapter="executor://xunit/VsTestRunner2" className="Xavo.Masterdata.Tests.Api.ProductionOrderApiTests" name="Xavo.Masterdata.Tests.Api.ProductionOrderApiTests.UpdateProductionOrderByIdFailsIfNameInUse" />
    </UnitTest>
    <UnitTest name="Xavo.Masterdata.Tests.Api.ProductionOrderApiTests.CannotAddNewProductionOrderWithoutName" storage="/users/aschrepfer/dev/pollux/xavo-masterdata/masterdata.tests/bin/debug/netcoreapp1.1/xavo.masterdata.tests.dll" id="45502b3f-0c0f-40f5-a4f9-43c908a74f9a">
      <Execution id="6204a14e-5ad0-4971-b0b0-cbd6105dd193" />
      <TestMethod codeBase="/Users/aschrepfer/Dev/Pollux/xavo-masterdata/Masterdata.Tests/bin/Debug/netcoreapp1.1/Xavo.Masterdata.Tests.dll" executorUriOfAdapter="executor://xunit/VsTestRunner2" className="Xavo.Masterdata.Tests.Api.ProductionOrderApiTests" name="Xavo.Masterdata.Tests.Api.ProductionOrderApiTests.CannotAddNewProductionOrderWithoutName" />
    </UnitTest>
    <UnitTest name="Xavo.Masterdata.Tests.Api.ProductionOrderApiTests.InitiallyNoDefinitions" storage="/users/aschrepfer/dev/pollux/xavo-masterdata/masterdata.tests/bin/debug/netcoreapp1.1/xavo.masterdata.tests.dll" id="b54849e1-48c0-47f4-99a5-16f1c1fca0de">
      <Execution id="ec5ea073-c8eb-4387-87ce-43cee0d8996d" />
      <TestMethod codeBase="/Users/aschrepfer/Dev/Pollux/xavo-masterdata/Masterdata.Tests/bin/Debug/netcoreapp1.1/Xavo.Masterdata.Tests.dll" executorUriOfAdapter="executor://xunit/VsTestRunner2" className="Xavo.Masterdata.Tests.Api.ProductionOrderApiTests" name="Xavo.Masterdata.Tests.Api.ProductionOrderApiTests.InitiallyNoDefinitions" />
    </UnitTest>
    <UnitTest name="Xavo.Masterdata.Tests.Api.ProductionOrderApiTests.GetProductionOrderByUnknownName" storage="/users/aschrepfer/dev/pollux/xavo-masterdata/masterdata.tests/bin/debug/netcoreapp1.1/xavo.masterdata.tests.dll" id="865bdc1d-2d11-4071-985a-4ef8e7339558">
      <Execution id="7510b8da-684c-492d-a442-7d65072b44b0" />
      <TestMethod codeBase="/Users/aschrepfer/Dev/Pollux/xavo-masterdata/Masterdata.Tests/bin/Debug/netcoreapp1.1/Xavo.Masterdata.Tests.dll" executorUriOfAdapter="executor://xunit/VsTestRunner2" className="Xavo.Masterdata.Tests.Api.ProductionOrderApiTests" name="Xavo.Masterdata.Tests.Api.ProductionOrderApiTests.GetProductionOrderByUnknownName" />
    </UnitTest>
    <UnitTest name="Xavo.Masterdata.Tests.Api.ProductionOrderApiTests.GetProductionOrderByUnknownId" storage="/users/aschrepfer/dev/pollux/xavo-masterdata/masterdata.tests/bin/debug/netcoreapp1.1/xavo.masterdata.tests.dll" id="fc92880f-0427-4a26-8f9d-4dc59db31da3">
      <Execution id="6c904cb6-1862-49e4-a147-7af1303ef1d2" />
      <TestMethod codeBase="/Users/aschrepfer/Dev/Pollux/xavo-masterdata/Masterdata.Tests/bin/Debug/netcoreapp1.1/Xavo.Masterdata.Tests.dll" executorUriOfAdapter="executor://xunit/VsTestRunner2" className="Xavo.Masterdata.Tests.Api.ProductionOrderApiTests" name="Xavo.Masterdata.Tests.Api.ProductionOrderApiTests.GetProductionOrderByUnknownId" />
    </UnitTest>
    <UnitTest name="Xavo.Masterdata.Tests.Api.ProductionOrderApiTests.CanAddNewProductionOrderWithoutProperties" storage="/users/aschrepfer/dev/pollux/xavo-masterdata/masterdata.tests/bin/debug/netcoreapp1.1/xavo.masterdata.tests.dll" id="27ce4b71-ced3-4ea2-9dee-3eef725af9cf">
      <Execution id="8d2a52e4-7fc8-4e1b-a73f-c22e5a220a25" />
      <TestMethod codeBase="/Users/aschrepfer/Dev/Pollux/xavo-masterdata/Masterdata.Tests/bin/Debug/netcoreapp1.1/Xavo.Masterdata.Tests.dll" executorUriOfAdapter="executor://xunit/VsTestRunner2" className="Xavo.Masterdata.Tests.Api.ProductionOrderApiTests" name="Xavo.Masterdata.Tests.Api.ProductionOrderApiTests.CanAddNewProductionOrderWithoutProperties" />
    </UnitTest>
    <UnitTest name="Xavo.Masterdata.Tests.Api.ProductionUnitApiTests.CannotAddNewProductionUnitWithoutName" storage="/users/aschrepfer/dev/pollux/xavo-masterdata/masterdata.tests/bin/debug/netcoreapp1.1/xavo.masterdata.tests.dll" id="57e007ec-4cdb-46a2-b81b-49658a55974f">
      <Execution id="3da0bc4f-d6c7-4fdb-aa75-1288032cb6d0" />
      <TestMethod codeBase="/Users/aschrepfer/Dev/Pollux/xavo-masterdata/Masterdata.Tests/bin/Debug/netcoreapp1.1/Xavo.Masterdata.Tests.dll" executorUriOfAdapter="executor://xunit/VsTestRunner2" className="Xavo.Masterdata.Tests.Api.ProductionUnitApiTests" name="Xavo.Masterdata.Tests.Api.ProductionUnitApiTests.CannotAddNewProductionUnitWithoutName" />
    </UnitTest>
    <UnitTest name="Xavo.Masterdata.Tests.Api.ProductionUnitApiTests.GetProductionUnitByUnknownName" storage="/users/aschrepfer/dev/pollux/xavo-masterdata/masterdata.tests/bin/debug/netcoreapp1.1/xavo.masterdata.tests.dll" id="a214fd40-05c5-43f6-a7df-fcb1fdd10ce4">
      <Execution id="e597c475-f299-4536-9a88-91a8c6bb3092" />
      <TestMethod codeBase="/Users/aschrepfer/Dev/Pollux/xavo-masterdata/Masterdata.Tests/bin/Debug/netcoreapp1.1/Xavo.Masterdata.Tests.dll" executorUriOfAdapter="executor://xunit/VsTestRunner2" className="Xavo.Masterdata.Tests.Api.ProductionUnitApiTests" name="Xavo.Masterdata.Tests.Api.ProductionUnitApiTests.GetProductionUnitByUnknownName" />
    </UnitTest>
    <UnitTest name="Xavo.Masterdata.Tests.Api.ProductionUnitApiTests.CanAddNewProductionUnitWithoutBody" storage="/users/aschrepfer/dev/pollux/xavo-masterdata/masterdata.tests/bin/debug/netcoreapp1.1/xavo.masterdata.tests.dll" id="550af813-3c84-4e49-b8e8-0eb256d93f2d">
      <Execution id="27bd4815-1e8a-4e7a-940d-a0f9066f4266" />
      <TestMethod codeBase="/Users/aschrepfer/Dev/Pollux/xavo-masterdata/Masterdata.Tests/bin/Debug/netcoreapp1.1/Xavo.Masterdata.Tests.dll" executorUriOfAdapter="executor://xunit/VsTestRunner2" className="Xavo.Masterdata.Tests.Api.ProductionUnitApiTests" name="Xavo.Masterdata.Tests.Api.ProductionUnitApiTests.CanAddNewProductionUnitWithoutBody" />
    </UnitTest>
    <UnitTest name="Xavo.Masterdata.Tests.Api.ProductionUnitApiTests.UpdateProductionUnitByNumber" storage="/users/aschrepfer/dev/pollux/xavo-masterdata/masterdata.tests/bin/debug/netcoreapp1.1/xavo.masterdata.tests.dll" id="0c638432-4ed8-46fb-ad3c-9953a83c0e23">
      <Execution id="f4e65d16-1fef-4b7a-8f75-9040215b70af" />
      <TestMethod codeBase="/Users/aschrepfer/Dev/Pollux/xavo-masterdata/Masterdata.Tests/bin/Debug/netcoreapp1.1/Xavo.Masterdata.Tests.dll" executorUriOfAdapter="executor://xunit/VsTestRunner2" className="Xavo.Masterdata.Tests.Api.ProductionUnitApiTests" name="Xavo.Masterdata.Tests.Api.ProductionUnitApiTests.UpdateProductionUnitByNumber" />
    </UnitTest>
    <UnitTest name="Xavo.Masterdata.Tests.Api.ProductionUnitApiTests.GetProductionUnitByUnknownId" storage="/users/aschrepfer/dev/pollux/xavo-masterdata/masterdata.tests/bin/debug/netcoreapp1.1/xavo.masterdata.tests.dll" id="4ef5b874-da3a-4d55-8437-8f43b14deeb0">
      <Execution id="c0754a2f-ef9f-49d2-b429-7359216eb482" />
      <TestMethod codeBase="/Users/aschrepfer/Dev/Pollux/xavo-masterdata/Masterdata.Tests/bin/Debug/netcoreapp1.1/Xavo.Masterdata.Tests.dll" executorUriOfAdapter="executor://xunit/VsTestRunner2" className="Xavo.Masterdata.Tests.Api.ProductionUnitApiTests" name="Xavo.Masterdata.Tests.Api.ProductionUnitApiTests.GetProductionUnitByUnknownId" />
    </UnitTest>
    <UnitTest name="Xavo.Masterdata.Tests.Api.ProductionUnitApiTests.UpdateProductionUnitById" storage="/users/aschrepfer/dev/pollux/xavo-masterdata/masterdata.tests/bin/debug/netcoreapp1.1/xavo.masterdata.tests.dll" id="6ebcfdef-1872-4f97-9ed4-972261bf5b00">
      <Execution id="2725a90f-5dd6-4e58-a436-4a5d04b5ba5f" />
      <TestMethod codeBase="/Users/aschrepfer/Dev/Pollux/xavo-masterdata/Masterdata.Tests/bin/Debug/netcoreapp1.1/Xavo.Masterdata.Tests.dll" executorUriOfAdapter="executor://xunit/VsTestRunner2" className="Xavo.Masterdata.Tests.Api.ProductionUnitApiTests" name="Xavo.Masterdata.Tests.Api.ProductionUnitApiTests.UpdateProductionUnitById" />
    </UnitTest>
    <UnitTest name="Xavo.Masterdata.Tests.Api.ProductionUnitApiTests.CanAddNewProductionUnitWithoutDescription" storage="/users/aschrepfer/dev/pollux/xavo-masterdata/masterdata.tests/bin/debug/netcoreapp1.1/xavo.masterdata.tests.dll" id="48b25ed5-ae31-4c84-9b58-8e990101c89b">
      <Execution id="999a75aa-3ddf-4baf-8cf5-0716a21ca836" />
      <TestMethod codeBase="/Users/aschrepfer/Dev/Pollux/xavo-masterdata/Masterdata.Tests/bin/Debug/netcoreapp1.1/Xavo.Masterdata.Tests.dll" executorUriOfAdapter="executor://xunit/VsTestRunner2" className="Xavo.Masterdata.Tests.Api.ProductionUnitApiTests" name="Xavo.Masterdata.Tests.Api.ProductionUnitApiTests.CanAddNewProductionUnitWithoutDescription" />
    </UnitTest>
    <UnitTest name="Xavo.Masterdata.Tests.Api.ProductionUnitApiTests.UpdateProductionUnitByIdFailsIfNameInUse" storage="/users/aschrepfer/dev/pollux/xavo-masterdata/masterdata.tests/bin/debug/netcoreapp1.1/xavo.masterdata.tests.dll" id="97275e62-def8-4ac8-860e-d60a8a0695f8">
      <Execution id="67ea7d52-4bb9-4925-8827-4d5568489686" />
      <TestMethod codeBase="/Users/aschrepfer/Dev/Pollux/xavo-masterdata/Masterdata.Tests/bin/Debug/netcoreapp1.1/Xavo.Masterdata.Tests.dll" executorUriOfAdapter="executor://xunit/VsTestRunner2" className="Xavo.Masterdata.Tests.Api.ProductionUnitApiTests" name="Xavo.Masterdata.Tests.Api.ProductionUnitApiTests.UpdateProductionUnitByIdFailsIfNameInUse" />
    </UnitTest>
    <UnitTest name="Xavo.Masterdata.Tests.Api.ProductionUnitApiTests.InitiallyNoDefinitions" storage="/users/aschrepfer/dev/pollux/xavo-masterdata/masterdata.tests/bin/debug/netcoreapp1.1/xavo.masterdata.tests.dll" id="9fe43730-2fcc-4894-a344-37038118f69e">
      <Execution id="8aa1e10c-9514-471e-9f75-b443ce7a2123" />
      <TestMethod codeBase="/Users/aschrepfer/Dev/Pollux/xavo-masterdata/Masterdata.Tests/bin/Debug/netcoreapp1.1/Xavo.Masterdata.Tests.dll" executorUriOfAdapter="executor://xunit/VsTestRunner2" className="Xavo.Masterdata.Tests.Api.ProductionUnitApiTests" name="Xavo.Masterdata.Tests.Api.ProductionUnitApiTests.InitiallyNoDefinitions" />
    </UnitTest>
    <UnitTest name="Xavo.Masterdata.Tests.Api.ProductionUnitApiTests.AddNewProductionUnit" storage="/users/aschrepfer/dev/pollux/xavo-masterdata/masterdata.tests/bin/debug/netcoreapp1.1/xavo.masterdata.tests.dll" id="ad3e815a-451a-4eaa-9318-7058d41572b6">
      <Execution id="084d4ead-c828-4637-9b7a-09748a58047e" />
      <TestMethod codeBase="/Users/aschrepfer/Dev/Pollux/xavo-masterdata/Masterdata.Tests/bin/Debug/netcoreapp1.1/Xavo.Masterdata.Tests.dll" executorUriOfAdapter="executor://xunit/VsTestRunner2" className="Xavo.Masterdata.Tests.Api.ProductionUnitApiTests" name="Xavo.Masterdata.Tests.Api.ProductionUnitApiTests.AddNewProductionUnit" />
    </UnitTest>
    <UnitTest name="Xavo.Masterdata.Tests.Api.UnitOfMeasureApiTests.DeleteUnitOfMeasureWithUnknownIdReturnsNotFound" storage="/users/aschrepfer/dev/pollux/xavo-masterdata/masterdata.tests/bin/debug/netcoreapp1.1/xavo.masterdata.tests.dll" id="d3ad1855-2dac-49b8-a0a2-188b2af15835">
      <Execution id="25760c5d-220e-4134-ba0e-8ce900f10f49" />
      <TestMethod codeBase="/Users/aschrepfer/Dev/Pollux/xavo-masterdata/Masterdata.Tests/bin/Debug/netcoreapp1.1/Xavo.Masterdata.Tests.dll" executorUriOfAdapter="executor://xunit/VsTestRunner2" className="Xavo.Masterdata.Tests.Api.UnitOfMeasureApiTests" name="Xavo.Masterdata.Tests.Api.UnitOfMeasureApiTests.DeleteUnitOfMeasureWithUnknownIdReturnsNotFound" />
    </UnitTest>
    <UnitTest name="Xavo.Masterdata.Tests.Api.UnitOfMeasureApiTests.GetUnitOfMeasureWithUnknownIdReturnsNotFound" storage="/users/aschrepfer/dev/pollux/xavo-masterdata/masterdata.tests/bin/debug/netcoreapp1.1/xavo.masterdata.tests.dll" id="f51301a0-4c76-4a47-aef7-865101d05392">
      <Execution id="980a35a6-01ae-4c89-bc3e-4ce0a601d9c0" />
      <TestMethod codeBase="/Users/aschrepfer/Dev/Pollux/xavo-masterdata/Masterdata.Tests/bin/Debug/netcoreapp1.1/Xavo.Masterdata.Tests.dll" executorUriOfAdapter="executor://xunit/VsTestRunner2" className="Xavo.Masterdata.Tests.Api.UnitOfMeasureApiTests" name="Xavo.Masterdata.Tests.Api.UnitOfMeasureApiTests.GetUnitOfMeasureWithUnknownIdReturnsNotFound" />
    </UnitTest>
    <UnitTest name="Xavo.Masterdata.Tests.Api.UnitOfMeasureApiTests.AddNewUnitOfMeasureWorksWithoutDescription" storage="/users/aschrepfer/dev/pollux/xavo-masterdata/masterdata.tests/bin/debug/netcoreapp1.1/xavo.masterdata.tests.dll" id="930bed1c-e168-49cd-9797-ca7f02c1c34d">
      <Execution id="2c4aae60-d5b5-4644-99df-db34160accf4" />
      <TestMethod codeBase="/Users/aschrepfer/Dev/Pollux/xavo-masterdata/Masterdata.Tests/bin/Debug/netcoreapp1.1/Xavo.Masterdata.Tests.dll" executorUriOfAdapter="executor://xunit/VsTestRunner2" className="Xavo.Masterdata.Tests.Api.UnitOfMeasureApiTests" name="Xavo.Masterdata.Tests.Api.UnitOfMeasureApiTests.AddNewUnitOfMeasureWorksWithoutDescription" />
    </UnitTest>
    <UnitTest name="Xavo.Masterdata.Tests.Api.UnitOfMeasureApiTests.PreviouslyAddedUomCanBeRetrievedViaGet" storage="/users/aschrepfer/dev/pollux/xavo-masterdata/masterdata.tests/bin/debug/netcoreapp1.1/xavo.masterdata.tests.dll" id="d98ad16e-bbd4-4224-8547-12e8f97942c8">
      <Execution id="0037dd93-a877-416b-bfdc-8e01672fb3b5" />
      <TestMethod codeBase="/Users/aschrepfer/Dev/Pollux/xavo-masterdata/Masterdata.Tests/bin/Debug/netcoreapp1.1/Xavo.Masterdata.Tests.dll" executorUriOfAdapter="executor://xunit/VsTestRunner2" className="Xavo.Masterdata.Tests.Api.UnitOfMeasureApiTests" name="Xavo.Masterdata.Tests.Api.UnitOfMeasureApiTests.PreviouslyAddedUomCanBeRetrievedViaGet" />
    </UnitTest>
    <UnitTest name="Xavo.Masterdata.Tests.Api.UnitOfMeasureApiTests.AddNewUnitOfMeasureWorksWithDescription" storage="/users/aschrepfer/dev/pollux/xavo-masterdata/masterdata.tests/bin/debug/netcoreapp1.1/xavo.masterdata.tests.dll" id="284c84d8-75a3-46a8-bd1d-36a398fd693e">
      <Execution id="841c3174-04e1-429a-8a26-4dbf02e1f5bc" />
      <TestMethod codeBase="/Users/aschrepfer/Dev/Pollux/xavo-masterdata/Masterdata.Tests/bin/Debug/netcoreapp1.1/Xavo.Masterdata.Tests.dll" executorUriOfAdapter="executor://xunit/VsTestRunner2" className="Xavo.Masterdata.Tests.Api.UnitOfMeasureApiTests" name="Xavo.Masterdata.Tests.Api.UnitOfMeasureApiTests.AddNewUnitOfMeasureWorksWithDescription" />
    </UnitTest>
    <UnitTest name="Xavo.Masterdata.Tests.Api.UnitOfMeasureApiTests.InitiallyNoTypes" storage="/users/aschrepfer/dev/pollux/xavo-masterdata/masterdata.tests/bin/debug/netcoreapp1.1/xavo.masterdata.tests.dll" id="01eaa5ef-1ba3-4945-9e80-c9514be5cf45">
      <Execution id="d1ee4bc5-3136-4645-b136-a39ae49892d9" />
      <TestMethod codeBase="/Users/aschrepfer/Dev/Pollux/xavo-masterdata/Masterdata.Tests/bin/Debug/netcoreapp1.1/Xavo.Masterdata.Tests.dll" executorUriOfAdapter="executor://xunit/VsTestRunner2" className="Xavo.Masterdata.Tests.Api.UnitOfMeasureApiTests" name="Xavo.Masterdata.Tests.Api.UnitOfMeasureApiTests.InitiallyNoTypes" />
    </UnitTest>
  </TestDefinitions>
  <TestEntries>
    <TestEntry testId="600455e9-18c4-4477-963d-2c438c31381c" executionId="84aad3a6-7f40-4455-b297-68129a5f9488" testListId="8c84fa94-04c1-424b-9868-57a2d4851a1d" />
    <TestEntry testId="7724cdf7-6999-4591-b723-2331ca7eefb8" executionId="27e27864-f6ae-45a5-acad-6e65b1de870d" testListId="8c84fa94-04c1-424b-9868-57a2d4851a1d" />
    <TestEntry testId="c41d0679-97d0-494d-aabc-9b7d66be3783" executionId="266a85d2-ec47-4eb0-ab99-fdc500572dec" testListId="8c84fa94-04c1-424b-9868-57a2d4851a1d" />
    <TestEntry testId="b9c618cf-bbb2-412a-9592-18af9ad6110e" executionId="6777aeb5-92b6-44f4-bc58-9cf06423489e" testListId="8c84fa94-04c1-424b-9868-57a2d4851a1d" />
    <TestEntry testId="427054c2-bf24-409b-84e6-7b9f6fa74505" executionId="d48c2e77-920b-4367-b7be-dd3f52a7d352" testListId="8c84fa94-04c1-424b-9868-57a2d4851a1d" />
    <TestEntry testId="e1a76c59-4acb-4443-8c32-02c8dd72c1fc" executionId="d18b49ca-b570-4f32-82b5-043394a687f4" testListId="8c84fa94-04c1-424b-9868-57a2d4851a1d" />
    <TestEntry testId="59778622-31b2-40c3-bb0f-5e4811a6e52b" executionId="578b23fa-4875-473d-9bb9-05e2b1d0b63a" testListId="8c84fa94-04c1-424b-9868-57a2d4851a1d" />
    <TestEntry testId="82ff4f0b-bfb7-488e-ab7e-b6556f2d65e0" executionId="5bd56ef1-a391-4059-98a5-86c0a0b18524" testListId="8c84fa94-04c1-424b-9868-57a2d4851a1d" />
    <TestEntry testId="4693e7b6-5e6a-42f0-8f80-9554a9a2df67" executionId="14d7c8ef-edf6-4c75-8310-9fa6176d22e4" testListId="8c84fa94-04c1-424b-9868-57a2d4851a1d" />
    <TestEntry testId="7fa46d32-2b33-412d-98d0-05d50b54f491" executionId="91c6fead-7a1c-44c1-8ec2-925269b9a4ab" testListId="8c84fa94-04c1-424b-9868-57a2d4851a1d" />
    <TestEntry testId="0a602257-0ac9-49f4-a367-637cce67f34a" executionId="f899dc19-d381-4952-b5d6-6ee2b445f5ce" testListId="8c84fa94-04c1-424b-9868-57a2d4851a1d" />
    <TestEntry testId="ffd8fb9f-7ef3-4a1f-a651-3919c5d378f3" executionId="eb19eaf0-6db3-41e5-8c91-51da13f7a999" testListId="8c84fa94-04c1-424b-9868-57a2d4851a1d" />
    <TestEntry testId="21be671c-96cf-48e1-b616-144c73f4c28c" executionId="7e071ec9-297c-4d0a-a064-dc5e2bcb9bbd" testListId="8c84fa94-04c1-424b-9868-57a2d4851a1d" />
    <TestEntry testId="84a16b67-0bda-4d40-8b0b-68571a94d632" executionId="065916ef-70af-4f83-8df8-681be9f856b5" testListId="8c84fa94-04c1-424b-9868-57a2d4851a1d" />
    <TestEntry testId="2f0e19c2-654e-45c9-bea9-c5fa13785445" executionId="86497ac3-dde2-4b00-9bfd-d83c349fb41d" testListId="8c84fa94-04c1-424b-9868-57a2d4851a1d" />
    <TestEntry testId="f9d6e276-8948-40fa-81d5-bd44adfd532b" executionId="0a234598-37d6-4254-8a37-910aea2b6976" testListId="8c84fa94-04c1-424b-9868-57a2d4851a1d" />
    <TestEntry testId="f43c48ce-8cc5-4999-9a85-3c6d14ee5507" executionId="4f30df68-1db2-42a4-825b-39c64ca14976" testListId="8c84fa94-04c1-424b-9868-57a2d4851a1d" />
    <TestEntry testId="9518f00b-9682-4205-9f53-868ac8bbe133" executionId="1627801a-4b9f-43d6-9d75-c4ecb8d647ac" testListId="8c84fa94-04c1-424b-9868-57a2d4851a1d" />
    <TestEntry testId="20d5dc4a-f9b6-4016-979f-9d327d866cf1" executionId="1442ffb0-0e19-4d35-a73a-66749a0db733" testListId="8c84fa94-04c1-424b-9868-57a2d4851a1d" />
    <TestEntry testId="a3efd369-21d6-46f5-a32e-ae82a7d8f964" executionId="7c289f0e-8b2b-4638-8faa-6765a5889a02" testListId="8c84fa94-04c1-424b-9868-57a2d4851a1d" />
    <TestEntry testId="3f9ecd88-69bd-42b8-877e-049a443f34bc" executionId="78dddbc1-c31f-48fb-8f30-83fd25f52dd2" testListId="8c84fa94-04c1-424b-9868-57a2d4851a1d" />
    <TestEntry testId="356e59a9-221d-419c-be98-e95504b6499b" executionId="0f26b064-07ca-4329-957d-f0c51c885424" testListId="8c84fa94-04c1-424b-9868-57a2d4851a1d" />
    <TestEntry testId="3a4b67f0-4329-4ee0-9a48-8743da87be25" executionId="ea944b6e-144f-4901-90fe-bd0fe66e3f54" testListId="8c84fa94-04c1-424b-9868-57a2d4851a1d" />
    <TestEntry testId="67efeedc-dfd6-486f-8920-87daf41d4ef2" executionId="9bf8d809-6cea-4312-86c5-2e8bbbb79e67" testListId="8c84fa94-04c1-424b-9868-57a2d4851a1d" />
    <TestEntry testId="aa4857bc-ae6a-48c6-bb7a-75b478383c5a" executionId="18dbbd10-7c11-4c95-8197-d90588282379" testListId="8c84fa94-04c1-424b-9868-57a2d4851a1d" />
    <TestEntry testId="2d1430eb-ed50-42c2-bc2c-7aaa2d28410d" executionId="947bbb08-5b8e-4bfd-a28d-bb11cdeae413" testListId="8c84fa94-04c1-424b-9868-57a2d4851a1d" />
    <TestEntry testId="bdc868d8-1231-4aa9-8fc9-66ad4b0d0b1a" executionId="3e333835-9567-4e1c-ad60-8d29daaa4b22" testListId="8c84fa94-04c1-424b-9868-57a2d4851a1d" />
    <TestEntry testId="50cf105e-bfc6-4f7f-88a7-4e7e530f9802" executionId="12f50bec-1258-4941-b796-fb2df74e7c69" testListId="8c84fa94-04c1-424b-9868-57a2d4851a1d" />
    <TestEntry testId="135497cd-cc99-4242-81e5-f3d5923df1d5" executionId="d028e8df-8d48-418c-b0c1-be9e5fdb4203" testListId="8c84fa94-04c1-424b-9868-57a2d4851a1d" />
    <TestEntry testId="2af3617c-4d70-4a82-9a49-6380e9d30409" executionId="bb974363-7e2e-4193-9651-03a60737de81" testListId="8c84fa94-04c1-424b-9868-57a2d4851a1d" />
    <TestEntry testId="f9029c42-cc1f-47cf-a620-0bd368134c51" executionId="1097c781-d1f1-44f4-b79c-dca7a9365f47" testListId="8c84fa94-04c1-424b-9868-57a2d4851a1d" />
    <TestEntry testId="8c59c433-f85b-4316-8640-57ffcb6bd0bd" executionId="ba049997-d169-4938-9d9b-bc32599bb43d" testListId="8c84fa94-04c1-424b-9868-57a2d4851a1d" />
    <TestEntry testId="5f0fb3a5-f533-49d9-a926-4ab2f9c8b594" executionId="a9d6e6cb-8483-4ce8-ace0-c0c4e576d4fc" testListId="8c84fa94-04c1-424b-9868-57a2d4851a1d" />
    <TestEntry testId="3899a20e-fd82-4c18-972f-45bb9581a043" executionId="226c1d31-31b9-488b-bc44-65072749ee3c" testListId="8c84fa94-04c1-424b-9868-57a2d4851a1d" />
    <TestEntry testId="0c9e7259-1f1e-49d7-a336-b15d00a10f39" executionId="28f34ebf-3d9c-4d99-b232-88792f0e20cb" testListId="8c84fa94-04c1-424b-9868-57a2d4851a1d" />
    <TestEntry testId="18ed13f6-d5ed-4ccb-900a-66c803542b5c" executionId="175c3f36-214f-4754-8b09-b3646d143f92" testListId="8c84fa94-04c1-424b-9868-57a2d4851a1d" />
    <TestEntry testId="28e330ad-11d3-4466-8927-fb3ea970c8e4" executionId="3625cf8b-43a3-4631-818a-6832e8866f28" testListId="8c84fa94-04c1-424b-9868-57a2d4851a1d" />
    <TestEntry testId="45502b3f-0c0f-40f5-a4f9-43c908a74f9a" executionId="6204a14e-5ad0-4971-b0b0-cbd6105dd193" testListId="8c84fa94-04c1-424b-9868-57a2d4851a1d" />
    <TestEntry testId="b54849e1-48c0-47f4-99a5-16f1c1fca0de" executionId="ec5ea073-c8eb-4387-87ce-43cee0d8996d" testListId="8c84fa94-04c1-424b-9868-57a2d4851a1d" />
    <TestEntry testId="865bdc1d-2d11-4071-985a-4ef8e7339558" executionId="7510b8da-684c-492d-a442-7d65072b44b0" testListId="8c84fa94-04c1-424b-9868-57a2d4851a1d" />
    <TestEntry testId="fc92880f-0427-4a26-8f9d-4dc59db31da3" executionId="6c904cb6-1862-49e4-a147-7af1303ef1d2" testListId="8c84fa94-04c1-424b-9868-57a2d4851a1d" />
    <TestEntry testId="27ce4b71-ced3-4ea2-9dee-3eef725af9cf" executionId="8d2a52e4-7fc8-4e1b-a73f-c22e5a220a25" testListId="8c84fa94-04c1-424b-9868-57a2d4851a1d" />
    <TestEntry testId="57e007ec-4cdb-46a2-b81b-49658a55974f" executionId="3da0bc4f-d6c7-4fdb-aa75-1288032cb6d0" testListId="8c84fa94-04c1-424b-9868-57a2d4851a1d" />
    <TestEntry testId="a214fd40-05c5-43f6-a7df-fcb1fdd10ce4" executionId="e597c475-f299-4536-9a88-91a8c6bb3092" testListId="8c84fa94-04c1-424b-9868-57a2d4851a1d" />
    <TestEntry testId="550af813-3c84-4e49-b8e8-0eb256d93f2d" executionId="27bd4815-1e8a-4e7a-940d-a0f9066f4266" testListId="8c84fa94-04c1-424b-9868-57a2d4851a1d" />
    <TestEntry testId="0c638432-4ed8-46fb-ad3c-9953a83c0e23" executionId="f4e65d16-1fef-4b7a-8f75-9040215b70af" testListId="8c84fa94-04c1-424b-9868-57a2d4851a1d" />
    <TestEntry testId="4ef5b874-da3a-4d55-8437-8f43b14deeb0" executionId="c0754a2f-ef9f-49d2-b429-7359216eb482" testListId="8c84fa94-04c1-424b-9868-57a2d4851a1d" />
    <TestEntry testId="6ebcfdef-1872-4f97-9ed4-972261bf5b00" executionId="2725a90f-5dd6-4e58-a436-4a5d04b5ba5f" testListId="8c84fa94-04c1-424b-9868-57a2d4851a1d" />
    <TestEntry testId="48b25ed5-ae31-4c84-9b58-8e990101c89b" executionId="999a75aa-3ddf-4baf-8cf5-0716a21ca836" testListId="8c84fa94-04c1-424b-9868-57a2d4851a1d" />
    <TestEntry testId="97275e62-def8-4ac8-860e-d60a8a0695f8" executionId="67ea7d52-4bb9-4925-8827-4d5568489686" testListId="8c84fa94-04c1-424b-9868-57a2d4851a1d" />
    <TestEntry testId="9fe43730-2fcc-4894-a344-37038118f69e" executionId="8aa1e10c-9514-471e-9f75-b443ce7a2123" testListId="8c84fa94-04c1-424b-9868-57a2d4851a1d" />
    <TestEntry testId="ad3e815a-451a-4eaa-9318-7058d41572b6" executionId="084d4ead-c828-4637-9b7a-09748a58047e" testListId="8c84fa94-04c1-424b-9868-57a2d4851a1d" />
    <TestEntry testId="d3ad1855-2dac-49b8-a0a2-188b2af15835" executionId="25760c5d-220e-4134-ba0e-8ce900f10f49" testListId="8c84fa94-04c1-424b-9868-57a2d4851a1d" />
    <TestEntry testId="f51301a0-4c76-4a47-aef7-865101d05392" executionId="980a35a6-01ae-4c89-bc3e-4ce0a601d9c0" testListId="8c84fa94-04c1-424b-9868-57a2d4851a1d" />
    <TestEntry testId="930bed1c-e168-49cd-9797-ca7f02c1c34d" executionId="2c4aae60-d5b5-4644-99df-db34160accf4" testListId="8c84fa94-04c1-424b-9868-57a2d4851a1d" />
    <TestEntry testId="d98ad16e-bbd4-4224-8547-12e8f97942c8" executionId="0037dd93-a877-416b-bfdc-8e01672fb3b5" testListId="8c84fa94-04c1-424b-9868-57a2d4851a1d" />
    <TestEntry testId="284c84d8-75a3-46a8-bd1d-36a398fd693e" executionId="841c3174-04e1-429a-8a26-4dbf02e1f5bc" testListId="8c84fa94-04c1-424b-9868-57a2d4851a1d" />
    <TestEntry testId="01eaa5ef-1ba3-4945-9e80-c9514be5cf45" executionId="d1ee4bc5-3136-4645-b136-a39ae49892d9" testListId="8c84fa94-04c1-424b-9868-57a2d4851a1d" />
  </TestEntries>
  <TestLists>
    <TestList name="Results Not in a List" id="8c84fa94-04c1-424b-9868-57a2d4851a1d" />
    <TestList name="All Loaded Results" id="19431567-8539-422a-85d7-44ee4e166bda" />
  </TestLists>
  <ResultSummary outcome="Failed">
    <Counters total="58" executed="58" passed="57" failed="1" error="0" timeout="0" aborted="0" inconclusive="0" passedButRunAborted="0" notRunnable="0" notExecuted="0" disconnected="0" warning="0" completed="0" inProgress="0" pending="0" />
    <Output>
      <StdOut>[xUnit.net 00:00:00.6445992]   Discovering: Xavo.Masterdata.Tests[xUnit.net 00:00:00.7990475]   Discovered:  Xavo.Masterdata.Tests[xUnit.net 00:00:00.8605909]   Starting:    Xavo.Masterdata.Tests[xUnit.net 00:00:06.6618264]       Assert.Equal() Failure[xUnit.net 00:00:06.6618907]       Expected: NotFound[xUnit.net 00:00:06.6619274]       Actual:   BadRequest[xUnit.net 00:00:06.6627603]       Stack Trace:[xUnit.net 00:00:06.6635994]         /Users/aschrepfer/Dev/Pollux/xavo-masterdata/Masterdata.Tests/Api/UnitOfMeasureApiTests.cs(70,0): at Xavo.Masterdata.Tests.Api.UnitOfMeasureApiTests.&lt;DeleteUnitOfMeasureWithUnknownIdReturnsNotFound&gt;d__6.MoveNext()[xUnit.net 00:00:06.6636642]         --- End of stack trace from previous location where exception was thrown ---[xUnit.net 00:00:06.6637142]            at System.Runtime.ExceptionServices.ExceptionDispatchInfo.Throw()[xUnit.net 00:00:06.6637577]            at System.Runtime.CompilerServices.TaskAwaiter.HandleNonSuccessAndDebuggerNotification(Task task)[xUnit.net 00:00:06.6637918]         --- End of stack trace from previous location where exception was thrown ---[xUnit.net 00:00:06.6638173]            at System.Runtime.ExceptionServices.ExceptionDispatchInfo.Throw()[xUnit.net 00:00:06.6638556]            at System.Runtime.CompilerServices.TaskAwaiter.HandleNonSuccessAndDebuggerNotification(Task task)[xUnit.net 00:00:06.6638831]         --- End of stack trace from previous location where exception was thrown ---[xUnit.net 00:00:06.6639497]            at System.Runtime.ExceptionServices.ExceptionDispatchInfo.Throw()[xUnit.net 00:00:06.6640157]            at System.Runtime.CompilerServices.TaskAwaiter.HandleNonSuccessAndDebuggerNotification(Task task)[xUnit.net 00:00:07.0369849]   Finished:    Xavo.Masterdata.Tests</StdOut>
    </Output>
    <RunInfos>
      <RunInfo computerName="achims-mbp" outcome="Error" timestamp="2017-03-15T14:37:56.1976360+01:00">
        <Text>[xUnit.net 00:00:06.6605053]     Xavo.Masterdata.Tests.Api.UnitOfMeasureApiTests.DeleteUnitOfMeasureWithUnknownIdReturnsNotFound [FAIL]</Text>
      </RunInfo>
    </RunInfos>
  </ResultSummary>
</TestRun>